{"/Users/rishi.verma/Documents/cantaloupe/cantaloupe_drivers_mobile_app/loggerRnModule.js": {"path":"/Users/rishi.verma/Documents/cantaloupe/cantaloupe_drivers_mobile_app/loggerRnModule.js","statementMap":{"0":{"start":{"line":3,"column":0},"end":{"line":3,"column":46}}},"fnMap":{},"branchMap":{},"s":{"0":14},"f":{},"b":{},"_coverageSchema":"1a1c01bbd47fc00a2c39e90264f33305004495a9","hash":"cb49996174dce673729fdbc23dca95354505f63a"}
,"/Users/rishi.verma/Documents/cantaloupe/cantaloupe_drivers_mobile_app/loggerservice.js": {"path":"/Users/rishi.verma/Documents/cantaloupe/cantaloupe_drivers_mobile_app/loggerservice.js","statementMap":{"0":{"start":{"line":4,"column":1},"end":{"line":4,"column":40}},"1":{"start":{"line":8,"column":1},"end":{"line":8,"column":31}},"2":{"start":{"line":12,"column":1},"end":{"line":12,"column":30}},"3":{"start":{"line":16,"column":1},"end":{"line":16,"column":37}},"4":{"start":{"line":20,"column":1},"end":{"line":20,"column":35}},"5":{"start":{"line":24,"column":1},"end":{"line":24,"column":68}},"6":{"start":{"line":28,"column":1},"end":{"line":28,"column":71}},"7":{"start":{"line":32,"column":1},"end":{"line":32,"column":37}},"8":{"start":{"line":36,"column":1},"end":{"line":44,"column":3}},"9":{"start":{"line":48,"column":1},"end":{"line":56,"column":3}},"10":{"start":{"line":60,"column":1},"end":{"line":68,"column":3}},"11":{"start":{"line":72,"column":1},"end":{"line":80,"column":3}}},"fnMap":{"0":{"name":"logger","decl":{"start":{"line":3,"column":16},"end":{"line":3,"column":22}},"loc":{"start":{"line":3,"column":43},"end":{"line":5,"column":1}},"line":3},"1":{"name":"loggerError","decl":{"start":{"line":7,"column":16},"end":{"line":7,"column":27}},"loc":{"start":{"line":7,"column":37},"end":{"line":9,"column":1}},"line":7},"2":{"name":"loggerWarn","decl":{"start":{"line":11,"column":16},"end":{"line":11,"column":26}},"loc":{"start":{"line":11,"column":36},"end":{"line":13,"column":1}},"line":11},"3":{"name":"nrInit","decl":{"start":{"line":15,"column":16},"end":{"line":15,"column":22}},"loc":{"start":{"line":15,"column":36},"end":{"line":17,"column":1}},"line":15},"4":{"name":"nrAddUserId","decl":{"start":{"line":19,"column":16},"end":{"line":19,"column":27}},"loc":{"start":{"line":19,"column":36},"end":{"line":21,"column":1}},"line":19},"5":{"name":"nrRecordMetric","decl":{"start":{"line":23,"column":16},"end":{"line":23,"column":30}},"loc":{"start":{"line":23,"column":52},"end":{"line":25,"column":1}},"line":23},"6":{"name":"nrRecordMeticNumber","decl":{"start":{"line":27,"column":16},"end":{"line":27,"column":35}},"loc":{"start":{"line":27,"column":61},"end":{"line":29,"column":1}},"line":27},"7":{"name":"nrInteraction","decl":{"start":{"line":31,"column":16},"end":{"line":31,"column":29}},"loc":{"start":{"line":31,"column":38},"end":{"line":33,"column":1}},"line":31},"8":{"name":"nrLog","decl":{"start":{"line":35,"column":16},"end":{"line":35,"column":21}},"loc":{"start":{"line":35,"column":31},"end":{"line":45,"column":1}},"line":35},"9":{"name":"nrError","decl":{"start":{"line":47,"column":16},"end":{"line":47,"column":23}},"loc":{"start":{"line":47,"column":33},"end":{"line":57,"column":1}},"line":47},"10":{"name":"nrWarning","decl":{"start":{"line":59,"column":16},"end":{"line":59,"column":25}},"loc":{"start":{"line":59,"column":35},"end":{"line":69,"column":1}},"line":59},"11":{"name":"nrCritical","decl":{"start":{"line":71,"column":16},"end":{"line":71,"column":26}},"loc":{"start":{"line":71,"column":36},"end":{"line":81,"column":1}},"line":71}},"branchMap":{},"s":{"0":1,"1":7,"2":1,"3":1,"4":1,"5":2,"6":1,"7":1,"8":1,"9":1,"10":1,"11":1},"f":{"0":1,"1":7,"2":1,"3":1,"4":1,"5":2,"6":1,"7":1,"8":1,"9":1,"10":1,"11":1},"b":{},"_coverageSchema":"1a1c01bbd47fc00a2c39e90264f33305004495a9","hash":"4cf75903e50b25c21a36a1c4c7f510ef173f7f9a"}
,"/Users/rishi.verma/Documents/cantaloupe/cantaloupe_drivers_mobile_app/assets/images/logo.png": {"path":"/Users/rishi.verma/Documents/cantaloupe/cantaloupe_drivers_mobile_app/assets/images/logo.png","statementMap":{"0":{"start":{"line":1,"column":0},"end":{"line":4,"column":6}}},"fnMap":{},"branchMap":{},"s":{"0":9},"f":{},"b":{},"inputSourceMap":null,"_coverageSchema":"1a1c01bbd47fc00a2c39e90264f33305004495a9","hash":"557513feb4a573e322a9e1ae0b03f34e8b853c40"}
,"/Users/rishi.verma/Documents/cantaloupe/cantaloupe_drivers_mobile_app/assets/images/maglense.png": {"path":"/Users/rishi.verma/Documents/cantaloupe/cantaloupe_drivers_mobile_app/assets/images/maglense.png","statementMap":{"0":{"start":{"line":1,"column":0},"end":{"line":4,"column":6}}},"fnMap":{},"branchMap":{},"s":{"0":9},"f":{},"b":{},"inputSourceMap":null,"_coverageSchema":"1a1c01bbd47fc00a2c39e90264f33305004495a9","hash":"2d584fd7c5d6e965540db37b61ad9337ee326143"}
,"/Users/rishi.verma/Documents/cantaloupe/cantaloupe_drivers_mobile_app/assets/images/scaner.png": {"path":"/Users/rishi.verma/Documents/cantaloupe/cantaloupe_drivers_mobile_app/assets/images/scaner.png","statementMap":{"0":{"start":{"line":1,"column":0},"end":{"line":4,"column":6}}},"fnMap":{},"branchMap":{},"s":{"0":9},"f":{},"b":{},"inputSourceMap":null,"_coverageSchema":"1a1c01bbd47fc00a2c39e90264f33305004495a9","hash":"d17047152b5366078b3eae54825b84383e28dd86"}
,"/Users/rishi.verma/Documents/cantaloupe/cantaloupe_drivers_mobile_app/src/components/atoms/index.js": {"path":"/Users/rishi.verma/Documents/cantaloupe/cantaloupe_drivers_mobile_app/src/components/atoms/index.js","statementMap":{},"fnMap":{},"branchMap":{},"s":{},"f":{},"b":{},"_coverageSchema":"1a1c01bbd47fc00a2c39e90264f33305004495a9","hash":"c50bcfcdd93abaa0d19b9295c721c6fd10d1e826"}
,"/Users/rishi.verma/Documents/cantaloupe/cantaloupe_drivers_mobile_app/src/components/atoms/flatlist/flatlist.component.js": {"path":"/Users/rishi.verma/Documents/cantaloupe/cantaloupe_drivers_mobile_app/src/components/atoms/flatlist/flatlist.component.js","statementMap":{"0":{"start":{"line":8,"column":26},"end":{"line":21,"column":1}},"1":{"start":{"line":10,"column":1},"end":{"line":20,"column":3}}},"fnMap":{"0":{"name":"(anonymous_0)","decl":{"start":{"line":8,"column":26},"end":{"line":8,"column":27}},"loc":{"start":{"line":10,"column":1},"end":{"line":20,"column":3}},"line":10}},"branchMap":{},"s":{"0":11,"1":4},"f":{"0":4},"b":{},"_coverageSchema":"1a1c01bbd47fc00a2c39e90264f33305004495a9","hash":"8efa7df63a77dc5d90d12795626303437cf5d96d"}
,"/Users/rishi.verma/Documents/cantaloupe/cantaloupe_drivers_mobile_app/src/components/atoms/iconComponent/icon.component.js": {"path":"/Users/rishi.verma/Documents/cantaloupe/cantaloupe_drivers_mobile_app/src/components/atoms/iconComponent/icon.component.js","statementMap":{"0":{"start":{"line":8,"column":42},"end":{"line":8,"column":53}}},"fnMap":{"0":{"name":"(anonymous_0)","decl":{"start":{"line":8,"column":31},"end":{"line":8,"column":32}},"loc":{"start":{"line":8,"column":42},"end":{"line":8,"column":53}},"line":8}},"branchMap":{},"s":{"0":8},"f":{"0":8},"b":{},"_coverageSchema":"1a1c01bbd47fc00a2c39e90264f33305004495a9","hash":"228f2e42773c34323a3d0ae5594f439a6fc33d40"}
,"/Users/rishi.verma/Documents/cantaloupe/cantaloupe_drivers_mobile_app/src/components/atoms/keyboardHide/keyboardHide.component.js": {"path":"/Users/rishi.verma/Documents/cantaloupe/cantaloupe_drivers_mobile_app/src/components/atoms/keyboardHide/keyboardHide.component.js","statementMap":{"0":{"start":{"line":11,"column":21},"end":{"line":18,"column":1}},"1":{"start":{"line":12,"column":26},"end":{"line":12,"column":37}},"2":{"start":{"line":13,"column":2},"end":{"line":17,"column":4}},"3":{"start":{"line":14,"column":103},"end":{"line":14,"column":174}}},"fnMap":{"0":{"name":"(anonymous_0)","decl":{"start":{"line":11,"column":21},"end":{"line":11,"column":22}},"loc":{"start":{"line":11,"column":81},"end":{"line":18,"column":1}},"line":11},"1":{"name":"(anonymous_1)","decl":{"start":{"line":14,"column":95},"end":{"line":14,"column":96}},"loc":{"start":{"line":14,"column":101},"end":{"line":14,"column":176}},"line":14}},"branchMap":{"0":{"loc":{"start":{"line":11,"column":47},"end":{"line":11,"column":59}},"type":"default-arg","locations":[{"start":{"line":11,"column":55},"end":{"line":11,"column":59}}],"line":11},"1":{"loc":{"start":{"line":11,"column":61},"end":{"line":11,"column":74}},"type":"default-arg","locations":[{"start":{"line":11,"column":69},"end":{"line":11,"column":74}}],"line":11},"2":{"loc":{"start":{"line":14,"column":59},"end":{"line":14,"column":84}},"type":"binary-expr","locations":[{"start":{"line":14,"column":59},"end":{"line":14,"column":75}},{"start":{"line":14,"column":79},"end":{"line":14,"column":84}}],"line":14},"3":{"loc":{"start":{"line":14,"column":103},"end":{"line":14,"column":130}},"type":"binary-expr","locations":[{"start":{"line":14,"column":103},"end":{"line":14,"column":108}},{"start":{"line":14,"column":112},"end":{"line":14,"column":130}}],"line":14},"4":{"loc":{"start":{"line":14,"column":132},"end":{"line":14,"column":174}},"type":"binary-expr","locations":[{"start":{"line":14,"column":132},"end":{"line":14,"column":157}},{"start":{"line":14,"column":161},"end":{"line":14,"column":174}}],"line":14}},"s":{"0":11,"1":2,"2":2,"3":0},"f":{"0":2,"1":0},"b":{"0":[2],"1":[2],"2":[2,2],"3":[0,0],"4":[0,0]},"_coverageSchema":"1a1c01bbd47fc00a2c39e90264f33305004495a9","hash":"f2095720b176bdf70126a088abeef1a9c7685d48"}
,"/Users/rishi.verma/Documents/cantaloupe/cantaloupe_drivers_mobile_app/src/components/atoms/mixPanel/mixpanel.component.js": {"path":"/Users/rishi.verma/Documents/cantaloupe/cantaloupe_drivers_mobile_app/src/components/atoms/mixPanel/mixpanel.component.js","statementMap":{"0":{"start":{"line":11,"column":17},"end":{"line":11,"column":42}},"1":{"start":{"line":12,"column":0},"end":{"line":12,"column":16}},"2":{"start":{"line":13,"column":0},"end":{"line":13,"column":17}}},"fnMap":{},"branchMap":{},"s":{"0":9,"1":9,"2":9},"f":{},"b":{},"_coverageSchema":"1a1c01bbd47fc00a2c39e90264f33305004495a9","hash":"6db1e4d6c93b92eb065276f2f5e7d8ad6048309f"}
,"/Users/rishi.verma/Documents/cantaloupe/cantaloupe_drivers_mobile_app/src/components/atoms/modal/modal.component.js": {"path":"/Users/rishi.verma/Documents/cantaloupe/cantaloupe_drivers_mobile_app/src/components/atoms/modal/modal.component.js","statementMap":{"0":{"start":{"line":6,"column":23},"end":{"line":15,"column":1}},"1":{"start":{"line":7,"column":2},"end":{"line":14,"column":10}}},"fnMap":{"0":{"name":"(anonymous_0)","decl":{"start":{"line":6,"column":23},"end":{"line":6,"column":24}},"loc":{"start":{"line":7,"column":2},"end":{"line":14,"column":10}},"line":7}},"branchMap":{"0":{"loc":{"start":{"line":6,"column":64},"end":{"line":6,"column":82}},"type":"default-arg","locations":[{"start":{"line":6,"column":76},"end":{"line":6,"column":82}}],"line":6}},"s":{"0":11,"1":0},"f":{"0":0},"b":{"0":[0]},"_coverageSchema":"1a1c01bbd47fc00a2c39e90264f33305004495a9","hash":"cd4c62c029bfbcb382ba1a4459fc48485abc5b2f"}
,"/Users/rishi.verma/Documents/cantaloupe/cantaloupe_drivers_mobile_app/src/components/atoms/text/text.component.js": {"path":"/Users/rishi.verma/Documents/cantaloupe/cantaloupe_drivers_mobile_app/src/components/atoms/text/text.component.js","statementMap":{"0":{"start":{"line":10,"column":15},"end":{"line":15,"column":2}},"1":{"start":{"line":17,"column":15},"end":{"line":29,"column":1}},"2":{"start":{"line":18,"column":2},"end":{"line":28,"column":6}},"3":{"start":{"line":31,"column":22},"end":{"line":41,"column":1}},"4":{"start":{"line":32,"column":74},"end":{"line":32,"column":79}},"5":{"start":{"line":34,"column":19},"end":{"line":34,"column":38}},"6":{"start":{"line":35,"column":2},"end":{"line":40,"column":3}}},"fnMap":{"0":{"name":"(anonymous_0)","decl":{"start":{"line":17,"column":15},"end":{"line":17,"column":16}},"loc":{"start":{"line":17,"column":43},"end":{"line":29,"column":1}},"line":17},"1":{"name":"(anonymous_1)","decl":{"start":{"line":31,"column":22},"end":{"line":31,"column":23}},"loc":{"start":{"line":31,"column":33},"end":{"line":41,"column":1}},"line":31}},"branchMap":{"0":{"loc":{"start":{"line":18,"column":9},"end":{"line":28,"column":5}},"type":"cond-expr","locations":[{"start":{"line":19,"column":6},"end":{"line":23,"column":5}},{"start":{"line":24,"column":6},"end":{"line":28,"column":5}}],"line":18}},"s":{"0":11,"1":11,"2":38,"3":11,"4":38,"5":38,"6":38},"f":{"0":38,"1":38},"b":{"0":[0,38]},"_coverageSchema":"1a1c01bbd47fc00a2c39e90264f33305004495a9","hash":"444af236b9cd17e34e6301f6bb54c9095f613c9f"}
,"/Users/rishi.verma/Documents/cantaloupe/cantaloupe_drivers_mobile_app/src/components/atoms/textInput/textInput-styles.js": {"path":"/Users/rishi.verma/Documents/cantaloupe/cantaloupe_drivers_mobile_app/src/components/atoms/textInput/textInput-styles.js","statementMap":{"0":{"start":{"line":6,"column":22},"end":{"line":6,"column":27}},"1":{"start":{"line":8,"column":15},"end":{"line":28,"column":2}}},"fnMap":{},"branchMap":{},"s":{"0":11,"1":11},"f":{},"b":{},"_coverageSchema":"1a1c01bbd47fc00a2c39e90264f33305004495a9","hash":"474b691657adefea51773b7adf058618eff01b47"}
,"/Users/rishi.verma/Documents/cantaloupe/cantaloupe_drivers_mobile_app/src/components/atoms/textInput/textInput.component.js": {"path":"/Users/rishi.verma/Documents/cantaloupe/cantaloupe_drivers_mobile_app/src/components/atoms/textInput/textInput.component.js","statementMap":{"0":{"start":{"line":13,"column":27},"end":{"line":110,"column":1}},"1":{"start":{"line":43,"column":6},"end":{"line":43,"column":11}},"2":{"start":{"line":44,"column":2},"end":{"line":44,"column":22}},"3":{"start":{"line":45,"column":17},"end":{"line":55,"column":3}},"4":{"start":{"line":46,"column":4},"end":{"line":54,"column":8}},"5":{"start":{"line":56,"column":2},"end":{"line":109,"column":4}},"6":{"start":{"line":95,"column":32},"end":{"line":95,"column":66}},"7":{"start":{"line":97,"column":23},"end":{"line":97,"column":34}}},"fnMap":{"0":{"name":"(anonymous_0)","decl":{"start":{"line":13,"column":27},"end":{"line":13,"column":28}},"loc":{"start":{"line":13,"column":38},"end":{"line":110,"column":1}},"line":13},"1":{"name":"(anonymous_1)","decl":{"start":{"line":45,"column":17},"end":{"line":45,"column":18}},"loc":{"start":{"line":45,"column":25},"end":{"line":55,"column":3}},"line":45},"2":{"name":"(anonymous_2)","decl":{"start":{"line":95,"column":22},"end":{"line":95,"column":23}},"loc":{"start":{"line":95,"column":32},"end":{"line":95,"column":66}},"line":95},"3":{"name":"(anonymous_3)","decl":{"start":{"line":97,"column":17},"end":{"line":97,"column":18}},"loc":{"start":{"line":97,"column":23},"end":{"line":97,"column":34}},"line":97}},"branchMap":{"0":{"loc":{"start":{"line":38,"column":4},"end":{"line":38,"column":31}},"type":"default-arg","locations":[{"start":{"line":38,"column":27},"end":{"line":38,"column":31}}],"line":38},"1":{"loc":{"start":{"line":46,"column":11},"end":{"line":54,"column":7}},"type":"cond-expr","locations":[{"start":{"line":47,"column":8},"end":{"line":50,"column":7}},{"start":{"line":51,"column":8},"end":{"line":54,"column":7}}],"line":46},"2":{"loc":{"start":{"line":62,"column":19},"end":{"line":62,"column":80}},"type":"cond-expr","locations":[{"start":{"line":62,"column":42},"end":{"line":62,"column":70}},{"start":{"line":62,"column":73},"end":{"line":62,"column":80}}],"line":62},"3":{"loc":{"start":{"line":65,"column":10},"end":{"line":89,"column":17}},"type":"cond-expr","locations":[{"start":{"line":66,"column":12},"end":{"line":69,"column":13}},{"start":{"line":70,"column":12},"end":{"line":89,"column":17}}],"line":65},"4":{"loc":{"start":{"line":70,"column":12},"end":{"line":89,"column":17}},"type":"cond-expr","locations":[{"start":{"line":71,"column":14},"end":{"line":75,"column":15}},{"start":{"line":76,"column":14},"end":{"line":89,"column":17}}],"line":70},"5":{"loc":{"start":{"line":73,"column":28},"end":{"line":73,"column":77}},"type":"cond-expr","locations":[{"start":{"line":73,"column":36},"end":{"line":73,"column":55}},{"start":{"line":73,"column":58},"end":{"line":73,"column":77}}],"line":73},"6":{"loc":{"start":{"line":74,"column":25},"end":{"line":74,"column":65}},"type":"cond-expr","locations":[{"start":{"line":74,"column":33},"end":{"line":74,"column":45}},{"start":{"line":74,"column":48},"end":{"line":74,"column":65}}],"line":74},"7":{"loc":{"start":{"line":76,"column":14},"end":{"line":89,"column":17}},"type":"cond-expr","locations":[{"start":{"line":77,"column":16},"end":{"line":82,"column":17}},{"start":{"line":84,"column":16},"end":{"line":89,"column":17}}],"line":76},"8":{"loc":{"start":{"line":78,"column":18},"end":{"line":78,"column":95}},"type":"binary-expr","locations":[{"start":{"line":78,"column":18},"end":{"line":78,"column":28}},{"start":{"line":78,"column":32},"end":{"line":78,"column":47}},{"start":{"line":78,"column":51},"end":{"line":78,"column":60}},{"start":{"line":78,"column":64},"end":{"line":78,"column":79}},{"start":{"line":78,"column":83},"end":{"line":78,"column":95}}],"line":78},"9":{"loc":{"start":{"line":80,"column":27},"end":{"line":80,"column":72}},"type":"cond-expr","locations":[{"start":{"line":80,"column":38},"end":{"line":80,"column":52}},{"start":{"line":80,"column":55},"end":{"line":80,"column":72}}],"line":80},"10":{"loc":{"start":{"line":81,"column":30},"end":{"line":81,"column":79}},"type":"cond-expr","locations":[{"start":{"line":81,"column":38},"end":{"line":81,"column":57}},{"start":{"line":81,"column":60},"end":{"line":81,"column":79}}],"line":81},"11":{"loc":{"start":{"line":85,"column":18},"end":{"line":85,"column":63}},"type":"binary-expr","locations":[{"start":{"line":85,"column":18},"end":{"line":85,"column":28}},{"start":{"line":85,"column":32},"end":{"line":85,"column":47}},{"start":{"line":85,"column":51},"end":{"line":85,"column":63}}],"line":85},"12":{"loc":{"start":{"line":87,"column":27},"end":{"line":87,"column":72}},"type":"cond-expr","locations":[{"start":{"line":87,"column":38},"end":{"line":87,"column":52}},{"start":{"line":87,"column":55},"end":{"line":87,"column":72}}],"line":87},"13":{"loc":{"start":{"line":88,"column":30},"end":{"line":88,"column":79}},"type":"cond-expr","locations":[{"start":{"line":88,"column":38},"end":{"line":88,"column":57}},{"start":{"line":88,"column":60},"end":{"line":88,"column":79}}],"line":88},"14":{"loc":{"start":{"line":93,"column":24},"end":{"line":93,"column":93}},"type":"cond-expr","locations":[{"start":{"line":93,"column":73},"end":{"line":93,"column":79}},{"start":{"line":93,"column":82},"end":{"line":93,"column":93}}],"line":93},"15":{"loc":{"start":{"line":93,"column":24},"end":{"line":93,"column":70}},"type":"binary-expr","locations":[{"start":{"line":93,"column":24},"end":{"line":93,"column":56}},{"start":{"line":93,"column":60},"end":{"line":93,"column":70}}],"line":93},"16":{"loc":{"start":{"line":95,"column":32},"end":{"line":95,"column":66}},"type":"binary-expr","locations":[{"start":{"line":95,"column":32},"end":{"line":95,"column":44}},{"start":{"line":95,"column":48},"end":{"line":95,"column":66}}],"line":95},"17":{"loc":{"start":{"line":99,"column":25},"end":{"line":99,"column":50}},"type":"binary-expr","locations":[{"start":{"line":99,"column":25},"end":{"line":99,"column":35}},{"start":{"line":99,"column":39},"end":{"line":99,"column":50}}],"line":99}},"s":{"0":11,"1":7,"2":4,"3":4,"4":4,"5":4,"6":0,"7":0},"f":{"0":7,"1":4,"2":0,"3":0},"b":{"0":[4],"1":[0,0],"2":[0,4],"3":[0,0],"4":[0,0],"5":[0,0],"6":[0,0],"7":[0,0],"8":[0,0,0,0,0],"9":[0,0],"10":[0,0],"11":[0,0,0],"12":[0,0],"13":[0,0],"14":[0,0],"15":[0,0],"16":[0,0],"17":[0,0]},"_coverageSchema":"1a1c01bbd47fc00a2c39e90264f33305004495a9","hash":"d647ad673dd2f8e00f9db39868c249ce0b921e4f"}
,"/Users/rishi.verma/Documents/cantaloupe/cantaloupe_drivers_mobile_app/src/components/atoms/touchableItem/touchableItem.component.js": {"path":"/Users/rishi.verma/Documents/cantaloupe/cantaloupe_drivers_mobile_app/src/components/atoms/touchableItem/touchableItem.component.js","statementMap":{"0":{"start":{"line":9,"column":15},"end":{"line":21,"column":1}},"1":{"start":{"line":10,"column":1},"end":{"line":20,"column":4}},"2":{"start":{"line":23,"column":22},"end":{"line":34,"column":1}},"3":{"start":{"line":24,"column":62},"end":{"line":24,"column":67}},"4":{"start":{"line":25,"column":18},"end":{"line":25,"column":37}},"5":{"start":{"line":26,"column":17},"end":{"line":26,"column":77}},"6":{"start":{"line":27,"column":1},"end":{"line":33,"column":3}}},"fnMap":{"0":{"name":"(anonymous_0)","decl":{"start":{"line":9,"column":15},"end":{"line":9,"column":16}},"loc":{"start":{"line":9,"column":32},"end":{"line":21,"column":1}},"line":9},"1":{"name":"(anonymous_1)","decl":{"start":{"line":23,"column":22},"end":{"line":23,"column":23}},"loc":{"start":{"line":23,"column":33},"end":{"line":34,"column":1}},"line":23}},"branchMap":{"0":{"loc":{"start":{"line":10,"column":8},"end":{"line":20,"column":3}},"type":"cond-expr","locations":[{"start":{"line":11,"column":4},"end":{"line":14,"column":3}},{"start":{"line":15,"column":4},"end":{"line":20,"column":3}}],"line":10},"1":{"loc":{"start":{"line":26,"column":17},"end":{"line":26,"column":77}},"type":"cond-expr","locations":[{"start":{"line":26,"column":40},"end":{"line":26,"column":58}},{"start":{"line":26,"column":61},"end":{"line":26,"column":77}}],"line":26}},"s":{"0":12,"1":11,"2":12,"3":11,"4":11,"5":11,"6":11},"f":{"0":11,"1":11},"b":{"0":[0,11],"1":[0,11]},"_coverageSchema":"1a1c01bbd47fc00a2c39e90264f33305004495a9","hash":"643da2f8f711cb7a312e3a0a5b2b639ef74fa053"}
,"/Users/rishi.verma/Documents/cantaloupe/cantaloupe_drivers_mobile_app/src/components/molecules/index.js": {"path":"/Users/rishi.verma/Documents/cantaloupe/cantaloupe_drivers_mobile_app/src/components/molecules/index.js","statementMap":{},"fnMap":{},"branchMap":{},"s":{},"f":{},"b":{},"_coverageSchema":"1a1c01bbd47fc00a2c39e90264f33305004495a9","hash":"46179843531cef0e6dfb5fe5727f7891de83109e"}
,"/Users/rishi.verma/Documents/cantaloupe/cantaloupe_drivers_mobile_app/src/components/molecules/button/button-styles.js": {"path":"/Users/rishi.verma/Documents/cantaloupe/cantaloupe_drivers_mobile_app/src/components/molecules/button/button-styles.js","statementMap":{"0":{"start":{"line":6,"column":15},"end":{"line":19,"column":2}}},"fnMap":{},"branchMap":{},"s":{"0":10},"f":{},"b":{},"_coverageSchema":"1a1c01bbd47fc00a2c39e90264f33305004495a9","hash":"f2f16a1db25edf9b2121b15f91ef8f02464d5648"}
,"/Users/rishi.verma/Documents/cantaloupe/cantaloupe_drivers_mobile_app/src/components/molecules/buttonPill/buttonPill-styles.js": {"path":"/Users/rishi.verma/Documents/cantaloupe/cantaloupe_drivers_mobile_app/src/components/molecules/buttonPill/buttonPill-styles.js","statementMap":{"0":{"start":{"line":6,"column":22},"end":{"line":6,"column":27}},"1":{"start":{"line":8,"column":15},"end":{"line":55,"column":2}}},"fnMap":{},"branchMap":{},"s":{"0":9,"1":9},"f":{},"b":{},"_coverageSchema":"1a1c01bbd47fc00a2c39e90264f33305004495a9","hash":"da920b19cbc0c23a212f9d12157821cd7a9a7b6f"}
,"/Users/rishi.verma/Documents/cantaloupe/cantaloupe_drivers_mobile_app/src/components/molecules/customKeyboard/keyboard-Styles.js": {"path":"/Users/rishi.verma/Documents/cantaloupe/cantaloupe_drivers_mobile_app/src/components/molecules/customKeyboard/keyboard-Styles.js","statementMap":{"0":{"start":{"line":6,"column":22},"end":{"line":6,"column":27}},"1":{"start":{"line":7,"column":19},"end":{"line":7,"column":43}},"2":{"start":{"line":9,"column":22},"end":{"line":73,"column":2}}},"fnMap":{},"branchMap":{},"s":{"0":10,"1":10,"2":10},"f":{},"b":{},"_coverageSchema":"1a1c01bbd47fc00a2c39e90264f33305004495a9","hash":"40e8af5cdfeda2e34269f391371e2adbdd86f1cf"}
,"/Users/rishi.verma/Documents/cantaloupe/cantaloupe_drivers_mobile_app/src/components/molecules/dashBoardRender/dashboardRenderer-styles.js": {"path":"/Users/rishi.verma/Documents/cantaloupe/cantaloupe_drivers_mobile_app/src/components/molecules/dashBoardRender/dashboardRenderer-styles.js","statementMap":{"0":{"start":{"line":10,"column":22},"end":{"line":10,"column":27}},"1":{"start":{"line":12,"column":15},"end":{"line":74,"column":2}}},"fnMap":{},"branchMap":{},"s":{"0":9,"1":9},"f":{},"b":{},"_coverageSchema":"1a1c01bbd47fc00a2c39e90264f33305004495a9","hash":"a132da941f45b8bf21d6be18471ca2215b2b2459"}
,"/Users/rishi.verma/Documents/cantaloupe/cantaloupe_drivers_mobile_app/src/components/molecules/errorcomponent/error.component.js": {"path":"/Users/rishi.verma/Documents/cantaloupe/cantaloupe_drivers_mobile_app/src/components/molecules/errorcomponent/error.component.js","statementMap":{"0":{"start":{"line":13,"column":23},"end":{"line":29,"column":1}},"1":{"start":{"line":14,"column":2},"end":{"line":28,"column":3}}},"fnMap":{"0":{"name":"(anonymous_0)","decl":{"start":{"line":13,"column":23},"end":{"line":13,"column":24}},"loc":{"start":{"line":13,"column":60},"end":{"line":29,"column":1}},"line":13}},"branchMap":{"0":{"loc":{"start":{"line":16,"column":7},"end":{"line":25,"column":16}},"type":"cond-expr","locations":[{"start":{"line":17,"column":8},"end":{"line":17,"column":101}},{"start":{"line":19,"column":8},"end":{"line":25,"column":16}}],"line":16},"1":{"loc":{"start":{"line":19,"column":8},"end":{"line":25,"column":16}},"type":"cond-expr","locations":[{"start":{"line":20,"column":10},"end":{"line":23,"column":17}},{"start":{"line":25,"column":12},"end":{"line":25,"column":16}}],"line":19}},"s":{"0":9,"1":1},"f":{"0":1},"b":{"0":[0,1],"1":[0,1]},"_coverageSchema":"1a1c01bbd47fc00a2c39e90264f33305004495a9","hash":"a7710204248291fdd09ed43494d592d9038f5d3f"}
,"/Users/rishi.verma/Documents/cantaloupe/cantaloupe_drivers_mobile_app/src/components/molecules/errorcomponent/errorComponent-styles.js": {"path":"/Users/rishi.verma/Documents/cantaloupe/cantaloupe_drivers_mobile_app/src/components/molecules/errorcomponent/errorComponent-styles.js","statementMap":{"0":{"start":{"line":10,"column":22},"end":{"line":10,"column":27}},"1":{"start":{"line":11,"column":15},"end":{"line":30,"column":2}}},"fnMap":{},"branchMap":{},"s":{"0":9,"1":9},"f":{},"b":{},"_coverageSchema":"1a1c01bbd47fc00a2c39e90264f33305004495a9","hash":"5d2b15736524c5076ee65d36d6b6ba4225aee1a3"}
,"/Users/rishi.verma/Documents/cantaloupe/cantaloupe_drivers_mobile_app/src/components/molecules/formContainer/form.container.component.js": {"path":"/Users/rishi.verma/Documents/cantaloupe/cantaloupe_drivers_mobile_app/src/components/molecules/formContainer/form.container.component.js","statementMap":{"0":{"start":{"line":8,"column":22},"end":{"line":24,"column":1}},"1":{"start":{"line":9,"column":81},"end":{"line":9,"column":86}},"2":{"start":{"line":10,"column":2},"end":{"line":23,"column":4}}},"fnMap":{"0":{"name":"(anonymous_0)","decl":{"start":{"line":8,"column":22},"end":{"line":8,"column":23}},"loc":{"start":{"line":8,"column":33},"end":{"line":24,"column":1}},"line":8}},"branchMap":{},"s":{"0":9,"1":2,"2":1},"f":{"0":2},"b":{},"_coverageSchema":"1a1c01bbd47fc00a2c39e90264f33305004495a9","hash":"cef327a62559249e3a22f14608e9ae1eee937852"}
,"/Users/rishi.verma/Documents/cantaloupe/cantaloupe_drivers_mobile_app/src/components/molecules/formContainer/formComponent-styes.js": {"path":"/Users/rishi.verma/Documents/cantaloupe/cantaloupe_drivers_mobile_app/src/components/molecules/formContainer/formComponent-styes.js","statementMap":{"0":{"start":{"line":9,"column":15},"end":{"line":14,"column":2}}},"fnMap":{},"branchMap":{},"s":{"0":9},"f":{},"b":{},"_coverageSchema":"1a1c01bbd47fc00a2c39e90264f33305004495a9","hash":"6e35ce18c7808de0bbe3f2ac08faafaee52d2d99"}
,"/Users/rishi.verma/Documents/cantaloupe/cantaloupe_drivers_mobile_app/src/components/molecules/formField/form.component.js": {"path":"/Users/rishi.verma/Documents/cantaloupe/cantaloupe_drivers_mobile_app/src/components/molecules/formField/form.component.js","statementMap":{"0":{"start":{"line":14,"column":27},"end":{"line":102,"column":1}},"1":{"start":{"line":16,"column":146},"end":{"line":16,"column":151}},"2":{"start":{"line":17,"column":38},"end":{"line":17,"column":53}},"3":{"start":{"line":18,"column":32},"end":{"line":18,"column":47}},"4":{"start":{"line":19,"column":22},"end":{"line":24,"column":3}},"5":{"start":{"line":20,"column":4},"end":{"line":20,"column":18}},"6":{"start":{"line":21,"column":4},"end":{"line":23,"column":5}},"7":{"start":{"line":22,"column":6},"end":{"line":22,"column":17}},"8":{"start":{"line":25,"column":21},"end":{"line":30,"column":3}},"9":{"start":{"line":26,"column":4},"end":{"line":26,"column":19}},"10":{"start":{"line":27,"column":4},"end":{"line":29,"column":5}},"11":{"start":{"line":28,"column":6},"end":{"line":28,"column":14}},"12":{"start":{"line":31,"column":22},"end":{"line":33,"column":319}},"13":{"start":{"line":34,"column":2},"end":{"line":101,"column":4}},"14":{"start":{"line":79,"column":55},"end":{"line":79,"column":70}},"15":{"start":{"line":87,"column":31},"end":{"line":87,"column":43}}},"fnMap":{"0":{"name":"(anonymous_0)","decl":{"start":{"line":14,"column":27},"end":{"line":14,"column":28}},"loc":{"start":{"line":14,"column":38},"end":{"line":102,"column":1}},"line":14},"1":{"name":"(anonymous_1)","decl":{"start":{"line":19,"column":22},"end":{"line":19,"column":23}},"loc":{"start":{"line":19,"column":30},"end":{"line":24,"column":3}},"line":19},"2":{"name":"(anonymous_2)","decl":{"start":{"line":25,"column":21},"end":{"line":25,"column":22}},"loc":{"start":{"line":25,"column":27},"end":{"line":30,"column":3}},"line":25},"3":{"name":"(anonymous_3)","decl":{"start":{"line":79,"column":49},"end":{"line":79,"column":50}},"loc":{"start":{"line":79,"column":55},"end":{"line":79,"column":70}},"line":79},"4":{"name":"(anonymous_4)","decl":{"start":{"line":87,"column":25},"end":{"line":87,"column":26}},"loc":{"start":{"line":87,"column":31},"end":{"line":87,"column":43}},"line":87}},"branchMap":{"0":{"loc":{"start":{"line":21,"column":4},"end":{"line":23,"column":5}},"type":"if","locations":[{"start":{"line":21,"column":4},"end":{"line":23,"column":5}},{"start":{},"end":{}}],"line":21},"1":{"loc":{"start":{"line":27,"column":4},"end":{"line":29,"column":5}},"type":"if","locations":[{"start":{"line":27,"column":4},"end":{"line":29,"column":5}},{"start":{},"end":{}}],"line":27},"2":{"loc":{"start":{"line":31,"column":22},"end":{"line":33,"column":319}},"type":"cond-expr","locations":[{"start":{"line":31,"column":59},"end":{"line":33,"column":3}},{"start":{"line":33,"column":6},"end":{"line":33,"column":319}}],"line":31},"3":{"loc":{"start":{"line":31,"column":22},"end":{"line":31,"column":56}},"type":"binary-expr","locations":[{"start":{"line":31,"column":22},"end":{"line":31,"column":30}},{"start":{"line":31,"column":34},"end":{"line":31,"column":43}},{"start":{"line":31,"column":47},"end":{"line":31,"column":56}}],"line":31},"4":{"loc":{"start":{"line":33,"column":6},"end":{"line":33,"column":319}},"type":"cond-expr","locations":[{"start":{"line":33,"column":44},"end":{"line":33,"column":121}},{"start":{"line":33,"column":124},"end":{"line":33,"column":319}}],"line":33},"5":{"loc":{"start":{"line":33,"column":6},"end":{"line":33,"column":41}},"type":"binary-expr","locations":[{"start":{"line":33,"column":6},"end":{"line":33,"column":14}},{"start":{"line":33,"column":18},"end":{"line":33,"column":27}},{"start":{"line":33,"column":31},"end":{"line":33,"column":41}}],"line":33},"6":{"loc":{"start":{"line":33,"column":124},"end":{"line":33,"column":319}},"type":"cond-expr","locations":[{"start":{"line":33,"column":162},"end":{"line":33,"column":236}},{"start":{"line":33,"column":239},"end":{"line":33,"column":319}}],"line":33},"7":{"loc":{"start":{"line":33,"column":124},"end":{"line":33,"column":159}},"type":"binary-expr","locations":[{"start":{"line":33,"column":124},"end":{"line":33,"column":132}},{"start":{"line":33,"column":136},"end":{"line":33,"column":146}},{"start":{"line":33,"column":150},"end":{"line":33,"column":159}}],"line":33},"8":{"loc":{"start":{"line":37,"column":21},"end":{"line":37,"column":191}},"type":"cond-expr","locations":[{"start":{"line":37,"column":46},"end":{"line":37,"column":102}},{"start":{"line":37,"column":105},"end":{"line":37,"column":191}}],"line":37},"9":{"loc":{"start":{"line":37,"column":21},"end":{"line":37,"column":43}},"type":"binary-expr","locations":[{"start":{"line":37,"column":21},"end":{"line":37,"column":30}},{"start":{"line":37,"column":34},"end":{"line":37,"column":43}}],"line":37},"10":{"loc":{"start":{"line":37,"column":105},"end":{"line":37,"column":191}},"type":"cond-expr","locations":[{"start":{"line":37,"column":116},"end":{"line":37,"column":129}},{"start":{"line":37,"column":132},"end":{"line":37,"column":191}}],"line":37},"11":{"loc":{"start":{"line":38,"column":11},"end":{"line":41,"column":15}},"type":"binary-expr","locations":[{"start":{"line":38,"column":11},"end":{"line":38,"column":20}},{"start":{"line":38,"column":24},"end":{"line":38,"column":32}},{"start":{"line":39,"column":12},"end":{"line":41,"column":15}}],"line":38},"12":{"loc":{"start":{"line":43,"column":11},"end":{"line":45,"column":11}},"type":"binary-expr","locations":[{"start":{"line":43,"column":11},"end":{"line":43,"column":19}},{"start":{"line":44,"column":12},"end":{"line":44,"column":80}}],"line":43},"13":{"loc":{"start":{"line":46,"column":23},"end":{"line":46,"column":99}},"type":"cond-expr","locations":[{"start":{"line":46,"column":32},"end":{"line":46,"column":48}},{"start":{"line":46,"column":51},"end":{"line":46,"column":99}}],"line":46},"14":{"loc":{"start":{"line":46,"column":51},"end":{"line":46,"column":99}},"type":"cond-expr","locations":[{"start":{"line":46,"column":64},"end":{"line":46,"column":80}},{"start":{"line":46,"column":83},"end":{"line":46,"column":99}}],"line":46},"15":{"loc":{"start":{"line":73,"column":11},"end":{"line":75,"column":11}},"type":"binary-expr","locations":[{"start":{"line":73,"column":11},"end":{"line":73,"column":21}},{"start":{"line":74,"column":12},"end":{"line":74,"column":98}}],"line":73},"16":{"loc":{"start":{"line":77,"column":11},"end":{"line":82,"column":11}},"type":"binary-expr","locations":[{"start":{"line":77,"column":11},"end":{"line":77,"column":20}},{"start":{"line":78,"column":12},"end":{"line":81,"column":28}}],"line":77},"17":{"loc":{"start":{"line":83,"column":11},"end":{"line":91,"column":11}},"type":"binary-expr","locations":[{"start":{"line":83,"column":11},"end":{"line":83,"column":25}},{"start":{"line":83,"column":29},"end":{"line":83,"column":41}},{"start":{"line":83,"column":45},"end":{"line":83,"column":52}},{"start":{"line":84,"column":12},"end":{"line":90,"column":19}}],"line":83},"18":{"loc":{"start":{"line":92,"column":11},"end":{"line":95,"column":19}},"type":"binary-expr","locations":[{"start":{"line":92,"column":11},"end":{"line":92,"column":19}},{"start":{"line":93,"column":12},"end":{"line":95,"column":19}}],"line":92}},"s":{"0":9,"1":7,"2":4,"3":4,"4":4,"5":0,"6":0,"7":0,"8":4,"9":0,"10":0,"11":0,"12":4,"13":4,"14":0,"15":0},"f":{"0":7,"1":0,"2":0,"3":0,"4":0},"b":{"0":[0,0],"1":[0,0],"2":[0,4],"3":[4,0,0],"4":[0,4],"5":[4,0,0],"6":[0,4],"7":[4,0,0],"8":[0,4],"9":[4,0],"10":[0,4],"11":[4,4,2],"12":[4,0],"13":[0,4],"14":[1,3],"15":[4,1],"16":[4,0],"17":[4,4,0,0],"18":[4,0]},"_coverageSchema":"1a1c01bbd47fc00a2c39e90264f33305004495a9","hash":"d4f761f2fb9c6649a28c1b0ac43e3f78a9d0ebe5"}
,"/Users/rishi.verma/Documents/cantaloupe/cantaloupe_drivers_mobile_app/src/components/molecules/formField/formField-styles.js": {"path":"/Users/rishi.verma/Documents/cantaloupe/cantaloupe_drivers_mobile_app/src/components/molecules/formField/formField-styles.js","statementMap":{"0":{"start":{"line":14,"column":15},"end":{"line":138,"column":2}}},"fnMap":{},"branchMap":{},"s":{"0":9},"f":{},"b":{},"_coverageSchema":"1a1c01bbd47fc00a2c39e90264f33305004495a9","hash":"75b07e01f80ab18bc51b7064ee341b3379f1ab00"}
,"/Users/rishi.verma/Documents/cantaloupe/cantaloupe_drivers_mobile_app/src/components/molecules/globalButton/gbutton.component.js": {"path":"/Users/rishi.verma/Documents/cantaloupe/cantaloupe_drivers_mobile_app/src/components/molecules/globalButton/gbutton.component.js","statementMap":{"0":{"start":{"line":12,"column":21},"end":{"line":40,"column":1}},"1":{"start":{"line":13,"column":103},"end":{"line":13,"column":108}},"2":{"start":{"line":15,"column":4},"end":{"line":39,"column":6}}},"fnMap":{"0":{"name":"(anonymous_0)","decl":{"start":{"line":12,"column":21},"end":{"line":12,"column":22}},"loc":{"start":{"line":12,"column":32},"end":{"line":40,"column":1}},"line":12}},"branchMap":{"0":{"loc":{"start":{"line":13,"column":79},"end":{"line":13,"column":98}},"type":"default-arg","locations":[{"start":{"line":13,"column":93},"end":{"line":13,"column":98}}],"line":13},"1":{"loc":{"start":{"line":21,"column":23},"end":{"line":21,"column":85}},"type":"cond-expr","locations":[{"start":{"line":21,"column":37},"end":{"line":21,"column":62}},{"start":{"line":21,"column":65},"end":{"line":21,"column":85}}],"line":21},"2":{"loc":{"start":{"line":25,"column":27},"end":{"line":25,"column":95}},"type":"cond-expr","locations":[{"start":{"line":25,"column":41},"end":{"line":25,"column":56}},{"start":{"line":25,"column":59},"end":{"line":25,"column":95}}],"line":25},"3":{"loc":{"start":{"line":26,"column":33},"end":{"line":26,"column":108}},"type":"cond-expr","locations":[{"start":{"line":26,"column":47},"end":{"line":26,"column":65}},{"start":{"line":26,"column":68},"end":{"line":26,"column":108}}],"line":26},"4":{"loc":{"start":{"line":30,"column":25},"end":{"line":33,"column":83}},"type":"cond-expr","locations":[{"start":{"line":31,"column":28},"end":{"line":31,"column":157}},{"start":{"line":33,"column":28},"end":{"line":33,"column":83}}],"line":30},"5":{"loc":{"start":{"line":31,"column":71},"end":{"line":31,"column":127}},"type":"cond-expr","locations":[{"start":{"line":31,"column":85},"end":{"line":31,"column":107}},{"start":{"line":31,"column":110},"end":{"line":31,"column":127}}],"line":31}},"s":{"0":9,"1":2,"2":2},"f":{"0":2},"b":{"0":[2],"1":[0,2],"2":[0,2],"3":[0,2],"4":[2,0],"5":[0,2]},"_coverageSchema":"1a1c01bbd47fc00a2c39e90264f33305004495a9","hash":"2553d9370e2f2c064c20ef1dfd18e4ce87c2bd99"}
,"/Users/rishi.verma/Documents/cantaloupe/cantaloupe_drivers_mobile_app/src/components/molecules/globalButton/globalButton-styles.js": {"path":"/Users/rishi.verma/Documents/cantaloupe/cantaloupe_drivers_mobile_app/src/components/molecules/globalButton/globalButton-styles.js","statementMap":{"0":{"start":{"line":8,"column":15},"end":{"line":76,"column":2}}},"fnMap":{},"branchMap":{},"s":{"0":9},"f":{},"b":{},"_coverageSchema":"1a1c01bbd47fc00a2c39e90264f33305004495a9","hash":"61dfbcb4a5b15ada5ef2d914a3834323f3e5881a"}
,"/Users/rishi.verma/Documents/cantaloupe/cantaloupe_drivers_mobile_app/src/components/molecules/headerBar/headerBar-styles.js": {"path":"/Users/rishi.verma/Documents/cantaloupe/cantaloupe_drivers_mobile_app/src/components/molecules/headerBar/headerBar-styles.js","statementMap":{"0":{"start":{"line":13,"column":22},"end":{"line":13,"column":27}},"1":{"start":{"line":14,"column":22},"end":{"line":83,"column":2}}},"fnMap":{},"branchMap":{},"s":{"0":9,"1":9},"f":{},"b":{},"_coverageSchema":"1a1c01bbd47fc00a2c39e90264f33305004495a9","hash":"23e36edc67cff26eb0f876108359ee839289cffd"}
,"/Users/rishi.verma/Documents/cantaloupe/cantaloupe_drivers_mobile_app/src/components/molecules/headerBar/headerBar.component.js": {"path":"/Users/rishi.verma/Documents/cantaloupe/cantaloupe_drivers_mobile_app/src/components/molecules/headerBar/headerBar.component.js","statementMap":{"0":{"start":{"line":16,"column":27},"end":{"line":72,"column":1}},"1":{"start":{"line":27,"column":4},"end":{"line":71,"column":6}}},"fnMap":{"0":{"name":"(anonymous_0)","decl":{"start":{"line":16,"column":27},"end":{"line":16,"column":28}},"loc":{"start":{"line":26,"column":6},"end":{"line":72,"column":1}},"line":26}},"branchMap":{"0":{"loc":{"start":{"line":22,"column":4},"end":{"line":22,"column":21}},"type":"default-arg","locations":[{"start":{"line":22,"column":17},"end":{"line":22,"column":21}}],"line":22},"1":{"loc":{"start":{"line":31,"column":21},"end":{"line":32,"column":101}},"type":"binary-expr","locations":[{"start":{"line":31,"column":21},"end":{"line":31,"column":48}},{"start":{"line":32,"column":24},"end":{"line":32,"column":101}}],"line":31},"2":{"loc":{"start":{"line":34,"column":21},"end":{"line":35,"column":157}},"type":"binary-expr","locations":[{"start":{"line":34,"column":21},"end":{"line":34,"column":47}},{"start":{"line":35,"column":24},"end":{"line":35,"column":157}}],"line":34},"3":{"loc":{"start":{"line":35,"column":46},"end":{"line":35,"column":118}},"type":"cond-expr","locations":[{"start":{"line":35,"column":60},"end":{"line":35,"column":100}},{"start":{"line":35,"column":103},"end":{"line":35,"column":118}}],"line":35},"4":{"loc":{"start":{"line":37,"column":21},"end":{"line":38,"column":131}},"type":"binary-expr","locations":[{"start":{"line":37,"column":21},"end":{"line":37,"column":48}},{"start":{"line":38,"column":24},"end":{"line":38,"column":131}}],"line":37},"5":{"loc":{"start":{"line":38,"column":64},"end":{"line":38,"column":114}},"type":"cond-expr","locations":[{"start":{"line":38,"column":89},"end":{"line":38,"column":91}},{"start":{"line":38,"column":94},"end":{"line":38,"column":114}}],"line":38},"6":{"loc":{"start":{"line":42,"column":21},"end":{"line":43,"column":232}},"type":"binary-expr","locations":[{"start":{"line":42,"column":21},"end":{"line":42,"column":48}},{"start":{"line":43,"column":24},"end":{"line":43,"column":232}}],"line":42},"7":{"loc":{"start":{"line":43,"column":79},"end":{"line":43,"column":125}},"type":"binary-expr","locations":[{"start":{"line":43,"column":79},"end":{"line":43,"column":101}},{"start":{"line":43,"column":105},"end":{"line":43,"column":125}}],"line":43},"8":{"loc":{"start":{"line":43,"column":169},"end":{"line":43,"column":215}},"type":"binary-expr","locations":[{"start":{"line":43,"column":169},"end":{"line":43,"column":191}},{"start":{"line":43,"column":195},"end":{"line":43,"column":215}}],"line":43},"9":{"loc":{"start":{"line":45,"column":21},"end":{"line":53,"column":98}},"type":"binary-expr","locations":[{"start":{"line":45,"column":21},"end":{"line":45,"column":47}},{"start":{"line":46,"column":24},"end":{"line":53,"column":98}}],"line":45},"10":{"loc":{"start":{"line":49,"column":53},"end":{"line":51,"column":118}},"type":"cond-expr","locations":[{"start":{"line":50,"column":33},"end":{"line":50,"column":103}},{"start":{"line":51,"column":35},"end":{"line":51,"column":117}}],"line":49},"11":{"loc":{"start":{"line":50,"column":33},"end":{"line":50,"column":103}},"type":"cond-expr","locations":[{"start":{"line":50,"column":47},"end":{"line":50,"column":86}},{"start":{"line":50,"column":89},"end":{"line":50,"column":103}}],"line":50},"12":{"loc":{"start":{"line":51,"column":35},"end":{"line":51,"column":117}},"type":"cond-expr","locations":[{"start":{"line":51,"column":49},"end":{"line":51,"column":94}},{"start":{"line":51,"column":97},"end":{"line":51,"column":117}}],"line":51},"13":{"loc":{"start":{"line":55,"column":21},"end":{"line":56,"column":166}},"type":"binary-expr","locations":[{"start":{"line":55,"column":21},"end":{"line":55,"column":48}},{"start":{"line":56,"column":24},"end":{"line":56,"column":166}}],"line":55},"14":{"loc":{"start":{"line":59,"column":17},"end":{"line":68,"column":17}},"type":"binary-expr","locations":[{"start":{"line":59,"column":17},"end":{"line":59,"column":35}},{"start":{"line":60,"column":20},"end":{"line":67,"column":27}}],"line":59},"15":{"loc":{"start":{"line":64,"column":25},"end":{"line":66,"column":25}},"type":"binary-expr","locations":[{"start":{"line":64,"column":25},"end":{"line":64,"column":50}},{"start":{"line":65,"column":28},"end":{"line":65,"column":175}}],"line":64}},"s":{"0":9,"1":5},"f":{"0":5},"b":{"0":[5],"1":[5,0],"2":[5,0],"3":[0,0],"4":[5,0],"5":[0,0],"6":[5,0],"7":[0,0],"8":[0,0],"9":[5,0],"10":[0,0],"11":[0,0],"12":[0,0],"13":[5,0],"14":[5,2],"15":[2,0]},"_coverageSchema":"1a1c01bbd47fc00a2c39e90264f33305004495a9","hash":"2b73c25652b3a9ae681cfc1df8f0a3d572a6df63"}
,"/Users/rishi.verma/Documents/cantaloupe/cantaloupe_drivers_mobile_app/src/components/molecules/headerPlanogram/header.component.js": {"path":"/Users/rishi.verma/Documents/cantaloupe/cantaloupe_drivers_mobile_app/src/components/molecules/headerPlanogram/header.component.js","statementMap":{"0":{"start":{"line":10,"column":24},"end":{"line":46,"column":1}},"1":{"start":{"line":17,"column":20},"end":{"line":17,"column":86}},"2":{"start":{"line":19,"column":1},"end":{"line":45,"column":3}}},"fnMap":{"0":{"name":"(anonymous_0)","decl":{"start":{"line":10,"column":24},"end":{"line":10,"column":25}},"loc":{"start":{"line":16,"column":6},"end":{"line":46,"column":1}},"line":16}},"branchMap":{},"s":{"0":9,"1":1,"2":1},"f":{"0":1},"b":{},"_coverageSchema":"1a1c01bbd47fc00a2c39e90264f33305004495a9","hash":"c790d9f22db5c14043cf9994df2c44bfa4330b9a"}
,"/Users/rishi.verma/Documents/cantaloupe/cantaloupe_drivers_mobile_app/src/components/molecules/headerPlanogram/headerStyles.js": {"path":"/Users/rishi.verma/Documents/cantaloupe/cantaloupe_drivers_mobile_app/src/components/molecules/headerPlanogram/headerStyles.js","statementMap":{"0":{"start":{"line":13,"column":22},"end":{"line":13,"column":27}},"1":{"start":{"line":14,"column":22},"end":{"line":130,"column":2}}},"fnMap":{},"branchMap":{},"s":{"0":9,"1":9},"f":{},"b":{},"_coverageSchema":"1a1c01bbd47fc00a2c39e90264f33305004495a9","hash":"e619b2a2b827643fd39603ec1e18d685e3b6f684"}
,"/Users/rishi.verma/Documents/cantaloupe/cantaloupe_drivers_mobile_app/src/components/molecules/loader/fullLoader.js": {"path":"/Users/rishi.verma/Documents/cantaloupe/cantaloupe_drivers_mobile_app/src/components/molecules/loader/fullLoader.js","statementMap":{"0":{"start":{"line":6,"column":20},"end":{"line":21,"column":1}},"1":{"start":{"line":7,"column":1},"end":{"line":20,"column":2}},"2":{"start":{"line":22,"column":15},"end":{"line":29,"column":2}}},"fnMap":{"0":{"name":"(anonymous_0)","decl":{"start":{"line":6,"column":20},"end":{"line":6,"column":21}},"loc":{"start":{"line":6,"column":37},"end":{"line":21,"column":1}},"line":6}},"branchMap":{"0":{"loc":{"start":{"line":9,"column":4},"end":{"line":17,"column":10}},"type":"cond-expr","locations":[{"start":{"line":10,"column":4},"end":{"line":16,"column":11}},{"start":{"line":17,"column":6},"end":{"line":17,"column":10}}],"line":9}},"s":{"0":9,"1":8,"2":9},"f":{"0":8},"b":{"0":[4,4]},"_coverageSchema":"1a1c01bbd47fc00a2c39e90264f33305004495a9","hash":"da0bd21d68be2c3ebe2a5f222335ababac48cce7"}
,"/Users/rishi.verma/Documents/cantaloupe/cantaloupe_drivers_mobile_app/src/components/molecules/machineLocation/machineLocation-styles.js": {"path":"/Users/rishi.verma/Documents/cantaloupe/cantaloupe_drivers_mobile_app/src/components/molecules/machineLocation/machineLocation-styles.js","statementMap":{"0":{"start":{"line":10,"column":22},"end":{"line":10,"column":27}},"1":{"start":{"line":12,"column":15},"end":{"line":74,"column":2}}},"fnMap":{},"branchMap":{},"s":{"0":9,"1":9},"f":{},"b":{},"_coverageSchema":"1a1c01bbd47fc00a2c39e90264f33305004495a9","hash":"c1dc8dcdd4b7a3684b70f7a365a85cb3a929909c"}
,"/Users/rishi.verma/Documents/cantaloupe/cantaloupe_drivers_mobile_app/src/components/molecules/machineSelector/machineSelector-styles.js": {"path":"/Users/rishi.verma/Documents/cantaloupe/cantaloupe_drivers_mobile_app/src/components/molecules/machineSelector/machineSelector-styles.js","statementMap":{"0":{"start":{"line":11,"column":22},"end":{"line":11,"column":27}},"1":{"start":{"line":12,"column":15},"end":{"line":80,"column":2}}},"fnMap":{},"branchMap":{},"s":{"0":9,"1":9},"f":{},"b":{},"_coverageSchema":"1a1c01bbd47fc00a2c39e90264f33305004495a9","hash":"fe7c9dcfdb954cfc457d6ed05b5352fa8e549d0c"}
,"/Users/rishi.verma/Documents/cantaloupe/cantaloupe_drivers_mobile_app/src/components/molecules/modal/modal-styles.js": {"path":"/Users/rishi.verma/Documents/cantaloupe/cantaloupe_drivers_mobile_app/src/components/molecules/modal/modal-styles.js","statementMap":{"0":{"start":{"line":4,"column":15},"end":{"line":20,"column":2}}},"fnMap":{},"branchMap":{},"s":{"0":9},"f":{},"b":{},"_coverageSchema":"1a1c01bbd47fc00a2c39e90264f33305004495a9","hash":"3d1c97863f1e9272a87930b9da7de3700c283bc8"}
,"/Users/rishi.verma/Documents/cantaloupe/cantaloupe_drivers_mobile_app/src/components/molecules/modalContent/modalContent-styles.js": {"path":"/Users/rishi.verma/Documents/cantaloupe/cantaloupe_drivers_mobile_app/src/components/molecules/modalContent/modalContent-styles.js","statementMap":{"0":{"start":{"line":10,"column":22},"end":{"line":10,"column":27}},"1":{"start":{"line":12,"column":15},"end":{"line":68,"column":2}}},"fnMap":{},"branchMap":{},"s":{"0":9,"1":9},"f":{},"b":{},"_coverageSchema":"1a1c01bbd47fc00a2c39e90264f33305004495a9","hash":"8c37d6970014a87b25c7dbaac8e34446e4cd6a2f"}
,"/Users/rishi.verma/Documents/cantaloupe/cantaloupe_drivers_mobile_app/src/components/molecules/modalContent/modalContent.component.js": {"path":"/Users/rishi.verma/Documents/cantaloupe/cantaloupe_drivers_mobile_app/src/components/molecules/modalContent/modalContent.component.js","statementMap":{"0":{"start":{"line":8,"column":21},"end":{"line":85,"column":1}},"1":{"start":{"line":19,"column":6},"end":{"line":19,"column":11}},"2":{"start":{"line":20,"column":2},"end":{"line":84,"column":4}}},"fnMap":{"0":{"name":"(anonymous_0)","decl":{"start":{"line":8,"column":21},"end":{"line":8,"column":22}},"loc":{"start":{"line":8,"column":30},"end":{"line":85,"column":1}},"line":8}},"branchMap":{"0":{"loc":{"start":{"line":28,"column":14},"end":{"line":30,"column":63}},"type":"cond-expr","locations":[{"start":{"line":29,"column":18},"end":{"line":29,"column":90}},{"start":{"line":30,"column":18},"end":{"line":30,"column":63}}],"line":28},"1":{"loc":{"start":{"line":35,"column":9},"end":{"line":44,"column":9}},"type":"binary-expr","locations":[{"start":{"line":35,"column":9},"end":{"line":35,"column":33}},{"start":{"line":36,"column":10},"end":{"line":43,"column":17}}],"line":35},"2":{"loc":{"start":{"line":66,"column":9},"end":{"line":81,"column":9}},"type":"binary-expr","locations":[{"start":{"line":66,"column":9},"end":{"line":66,"column":25}},{"start":{"line":67,"column":10},"end":{"line":80,"column":17}}],"line":66}},"s":{"0":9,"1":0,"2":0},"f":{"0":0},"b":{"0":[0,0],"1":[0,0],"2":[0,0]},"_coverageSchema":"1a1c01bbd47fc00a2c39e90264f33305004495a9","hash":"5c133a781d3293438682b85d67e5440ac9439f9c"}
,"/Users/rishi.verma/Documents/cantaloupe/cantaloupe_drivers_mobile_app/src/components/molecules/passwordShow/password.component.js": {"path":"/Users/rishi.verma/Documents/cantaloupe/cantaloupe_drivers_mobile_app/src/components/molecules/passwordShow/password.component.js","statementMap":{"0":{"start":{"line":18,"column":26},"end":{"line":37,"column":1}},"1":{"start":{"line":19,"column":40},"end":{"line":19,"column":45}},"2":{"start":{"line":20,"column":16},"end":{"line":20,"column":32}},"3":{"start":{"line":22,"column":2},"end":{"line":36,"column":4}},"4":{"start":{"line":25,"column":44},"end":{"line":25,"column":70}}},"fnMap":{"0":{"name":"(anonymous_0)","decl":{"start":{"line":18,"column":26},"end":{"line":18,"column":27}},"loc":{"start":{"line":18,"column":37},"end":{"line":37,"column":1}},"line":18},"1":{"name":"(anonymous_1)","decl":{"start":{"line":25,"column":38},"end":{"line":25,"column":39}},"loc":{"start":{"line":25,"column":44},"end":{"line":25,"column":70}},"line":25}},"branchMap":{"0":{"loc":{"start":{"line":29,"column":61},"end":{"line":29,"column":108}},"type":"cond-expr","locations":[{"start":{"line":29,"column":74},"end":{"line":29,"column":91}},{"start":{"line":29,"column":94},"end":{"line":29,"column":108}}],"line":29},"1":{"loc":{"start":{"line":31,"column":17},"end":{"line":31,"column":45}},"type":"cond-expr","locations":[{"start":{"line":31,"column":30},"end":{"line":31,"column":36}},{"start":{"line":31,"column":39},"end":{"line":31,"column":45}}],"line":31},"2":{"loc":{"start":{"line":33,"column":9},"end":{"line":33,"column":53}},"type":"cond-expr","locations":[{"start":{"line":33,"column":22},"end":{"line":33,"column":36}},{"start":{"line":33,"column":39},"end":{"line":33,"column":53}}],"line":33}},"s":{"0":9,"1":1,"2":1,"3":1,"4":0},"f":{"0":1,"1":0},"b":{"0":[0,1],"1":[0,1],"2":[0,1]},"_coverageSchema":"1a1c01bbd47fc00a2c39e90264f33305004495a9","hash":"469cfa2b62d57e4547644cdeaf4ce858ebaf8bb6"}
,"/Users/rishi.verma/Documents/cantaloupe/cantaloupe_drivers_mobile_app/src/components/molecules/passwordShow/passwordShow-styles.js": {"path":"/Users/rishi.verma/Documents/cantaloupe/cantaloupe_drivers_mobile_app/src/components/molecules/passwordShow/passwordShow-styles.js","statementMap":{"0":{"start":{"line":6,"column":15},"end":{"line":20,"column":2}}},"fnMap":{},"branchMap":{},"s":{"0":9},"f":{},"b":{},"_coverageSchema":"1a1c01bbd47fc00a2c39e90264f33305004495a9","hash":"ee0f7af12f5367a69d82ef8b2632391a0f67c8a4"}
,"/Users/rishi.verma/Documents/cantaloupe/cantaloupe_drivers_mobile_app/src/components/molecules/pickListItem/pickListItem-styles.js": {"path":"/Users/rishi.verma/Documents/cantaloupe/cantaloupe_drivers_mobile_app/src/components/molecules/pickListItem/pickListItem-styles.js","statementMap":{"0":{"start":{"line":10,"column":22},"end":{"line":10,"column":27}},"1":{"start":{"line":12,"column":15},"end":{"line":126,"column":2}}},"fnMap":{},"branchMap":{},"s":{"0":9,"1":9},"f":{},"b":{},"_coverageSchema":"1a1c01bbd47fc00a2c39e90264f33305004495a9","hash":"21cf77ec74254562cca55669a6b1f71fab3abdb6"}
,"/Users/rishi.verma/Documents/cantaloupe/cantaloupe_drivers_mobile_app/src/components/molecules/sdmDeviceState/sdm-styles.js": {"path":"/Users/rishi.verma/Documents/cantaloupe/cantaloupe_drivers_mobile_app/src/components/molecules/sdmDeviceState/sdm-styles.js","statementMap":{"0":{"start":{"line":4,"column":22},"end":{"line":12,"column":2}}},"fnMap":{},"branchMap":{},"s":{"0":9},"f":{},"b":{},"_coverageSchema":"1a1c01bbd47fc00a2c39e90264f33305004495a9","hash":"3a38243a2ca921740fdef32b7225c16ccf56c6a9"}
,"/Users/rishi.verma/Documents/cantaloupe/cantaloupe_drivers_mobile_app/src/components/molecules/selectableItem/selectableItem-styles.js": {"path":"/Users/rishi.verma/Documents/cantaloupe/cantaloupe_drivers_mobile_app/src/components/molecules/selectableItem/selectableItem-styles.js","statementMap":{"0":{"start":{"line":10,"column":15},"end":{"line":42,"column":2}}},"fnMap":{},"branchMap":{},"s":{"0":9},"f":{},"b":{},"_coverageSchema":"1a1c01bbd47fc00a2c39e90264f33305004495a9","hash":"f5773cbf7627df398aa960ebc5799f82d9459eb7"}
,"/Users/rishi.verma/Documents/cantaloupe/cantaloupe_drivers_mobile_app/src/components/molecules/splashComponent/splash.component.js": {"path":"/Users/rishi.verma/Documents/cantaloupe/cantaloupe_drivers_mobile_app/src/components/molecules/splashComponent/splash.component.js","statementMap":{"0":{"start":{"line":9,"column":24},"end":{"line":25,"column":1}},"1":{"start":{"line":10,"column":49},"end":{"line":10,"column":54}},"2":{"start":{"line":12,"column":2},"end":{"line":24,"column":4}}},"fnMap":{"0":{"name":"(anonymous_0)","decl":{"start":{"line":9,"column":24},"end":{"line":9,"column":25}},"loc":{"start":{"line":9,"column":35},"end":{"line":25,"column":1}},"line":9}},"branchMap":{},"s":{"0":9,"1":1,"2":1},"f":{"0":1},"b":{},"_coverageSchema":"1a1c01bbd47fc00a2c39e90264f33305004495a9","hash":"42484676a4f05e3eced5c4bdaa8ac319a0ab4be1"}
,"/Users/rishi.verma/Documents/cantaloupe/cantaloupe_drivers_mobile_app/src/components/molecules/splashComponent/splashComponent-styles.js": {"path":"/Users/rishi.verma/Documents/cantaloupe/cantaloupe_drivers_mobile_app/src/components/molecules/splashComponent/splashComponent-styles.js","statementMap":{"0":{"start":{"line":8,"column":15},"end":{"line":28,"column":2}}},"fnMap":{},"branchMap":{},"s":{"0":9},"f":{},"b":{},"_coverageSchema":"1a1c01bbd47fc00a2c39e90264f33305004495a9","hash":"51db6ab9d033a4a56da3bd157f98509948eb3ae2"}
,"/Users/rishi.verma/Documents/cantaloupe/cantaloupe_drivers_mobile_app/src/components/organisms/index.js": {"path":"/Users/rishi.verma/Documents/cantaloupe/cantaloupe_drivers_mobile_app/src/components/organisms/index.js","statementMap":{},"fnMap":{},"branchMap":{},"s":{},"f":{},"b":{},"_coverageSchema":"1a1c01bbd47fc00a2c39e90264f33305004495a9","hash":"10d4a4aa75f24b69a6198660bd71e7743e508d80"}
,"/Users/rishi.verma/Documents/cantaloupe/cantaloupe_drivers_mobile_app/src/components/organisms/cashWidget/cash-styles.js": {"path":"/Users/rishi.verma/Documents/cantaloupe/cantaloupe_drivers_mobile_app/src/components/organisms/cashWidget/cash-styles.js","statementMap":{"0":{"start":{"line":8,"column":22},"end":{"line":31,"column":2}}},"fnMap":{},"branchMap":{},"s":{"0":9},"f":{},"b":{},"_coverageSchema":"1a1c01bbd47fc00a2c39e90264f33305004495a9","hash":"9d1213287413fb81fd0c93d7e69d961b7d6cf822"}
,"/Users/rishi.verma/Documents/cantaloupe/cantaloupe_drivers_mobile_app/src/components/organisms/doubleButton/doubleButton-styles.js": {"path":"/Users/rishi.verma/Documents/cantaloupe/cantaloupe_drivers_mobile_app/src/components/organisms/doubleButton/doubleButton-styles.js","statementMap":{"0":{"start":{"line":3,"column":15},"end":{"line":20,"column":2}}},"fnMap":{},"branchMap":{},"s":{"0":9},"f":{},"b":{},"_coverageSchema":"1a1c01bbd47fc00a2c39e90264f33305004495a9","hash":"3d33db64f27ba62a3a08304bc9f990d182986df1"}
,"/Users/rishi.verma/Documents/cantaloupe/cantaloupe_drivers_mobile_app/src/components/organisms/header/header.component.js": {"path":"/Users/rishi.verma/Documents/cantaloupe/cantaloupe_drivers_mobile_app/src/components/organisms/header/header.component.js","statementMap":{"0":{"start":{"line":19,"column":24},"end":{"line":144,"column":1}},"1":{"start":{"line":38,"column":20},"end":{"line":38,"column":35}},"2":{"start":{"line":39,"column":15},"end":{"line":39,"column":31}},"3":{"start":{"line":41,"column":1},"end":{"line":143,"column":3}},"4":{"start":{"line":52,"column":22},"end":{"line":52,"column":69}}},"fnMap":{"0":{"name":"(anonymous_0)","decl":{"start":{"line":19,"column":24},"end":{"line":19,"column":25}},"loc":{"start":{"line":37,"column":6},"end":{"line":144,"column":1}},"line":37},"1":{"name":"(anonymous_1)","decl":{"start":{"line":52,"column":16},"end":{"line":52,"column":17}},"loc":{"start":{"line":52,"column":22},"end":{"line":52,"column":69}},"line":52}},"branchMap":{"0":{"loc":{"start":{"line":22,"column":1},"end":{"line":22,"column":17}},"type":"default-arg","locations":[{"start":{"line":22,"column":13},"end":{"line":22,"column":17}}],"line":22},"1":{"loc":{"start":{"line":34,"column":1},"end":{"line":34,"column":18}},"type":"default-arg","locations":[{"start":{"line":34,"column":13},"end":{"line":34,"column":18}}],"line":34},"2":{"loc":{"start":{"line":35,"column":1},"end":{"line":35,"column":18}},"type":"default-arg","locations":[{"start":{"line":35,"column":14},"end":{"line":35,"column":18}}],"line":35},"3":{"loc":{"start":{"line":46,"column":6},"end":{"line":57,"column":6}},"type":"binary-expr","locations":[{"start":{"line":46,"column":6},"end":{"line":46,"column":15}},{"start":{"line":46,"column":19},"end":{"line":46,"column":53}},{"start":{"line":47,"column":6},"end":{"line":56,"column":22}}],"line":46},"4":{"loc":{"start":{"line":52,"column":22},"end":{"line":52,"column":69}},"type":"cond-expr","locations":[{"start":{"line":52,"column":35},"end":{"line":52,"column":47}},{"start":{"line":52,"column":50},"end":{"line":52,"column":69}}],"line":52},"5":{"loc":{"start":{"line":58,"column":6},"end":{"line":66,"column":22}},"type":"binary-expr","locations":[{"start":{"line":58,"column":6},"end":{"line":58,"column":31}},{"start":{"line":59,"column":6},"end":{"line":66,"column":22}}],"line":58},"6":{"loc":{"start":{"line":70,"column":6},"end":{"line":77,"column":103}},"type":"cond-expr","locations":[{"start":{"line":71,"column":6},"end":{"line":74,"column":9}},{"start":{"line":77,"column":6},"end":{"line":77,"column":103}}],"line":70},"7":{"loc":{"start":{"line":82,"column":18},"end":{"line":82,"column":62}},"type":"cond-expr","locations":[{"start":{"line":82,"column":27},"end":{"line":82,"column":42}},{"start":{"line":82,"column":45},"end":{"line":82,"column":62}}],"line":82},"8":{"loc":{"start":{"line":83,"column":7},"end":{"line":116,"column":10}},"type":"cond-expr","locations":[{"start":{"line":84,"column":7},"end":{"line":93,"column":23}},{"start":{"line":95,"column":7},"end":{"line":116,"column":10}}],"line":83},"9":{"loc":{"start":{"line":95,"column":7},"end":{"line":116,"column":10}},"type":"cond-expr","locations":[{"start":{"line":97,"column":8},"end":{"line":105,"column":24}},{"start":{"line":107,"column":10},"end":{"line":116,"column":10}}],"line":95},"10":{"loc":{"start":{"line":107,"column":10},"end":{"line":116,"column":10}},"type":"cond-expr","locations":[{"start":{"line":108,"column":9},"end":{"line":113,"column":25}},{"start":{"line":115,"column":10},"end":{"line":115,"column":18}}],"line":107},"11":{"loc":{"start":{"line":107,"column":10},"end":{"line":107,"column":33}},"type":"binary-expr","locations":[{"start":{"line":107,"column":10},"end":{"line":107,"column":19}},{"start":{"line":107,"column":23},"end":{"line":107,"column":33}}],"line":107},"12":{"loc":{"start":{"line":117,"column":7},"end":{"line":120,"column":23}},"type":"binary-expr","locations":[{"start":{"line":117,"column":7},"end":{"line":117,"column":17}},{"start":{"line":117,"column":21},"end":{"line":117,"column":43}},{"start":{"line":117,"column":47},"end":{"line":117,"column":53}},{"start":{"line":118,"column":7},"end":{"line":120,"column":23}}],"line":117},"13":{"loc":{"start":{"line":126,"column":4},"end":{"line":131,"column":11}},"type":"binary-expr","locations":[{"start":{"line":126,"column":4},"end":{"line":126,"column":14}},{"start":{"line":126,"column":18},"end":{"line":126,"column":39}},{"start":{"line":126,"column":43},"end":{"line":126,"column":49}},{"start":{"line":127,"column":4},"end":{"line":131,"column":11}}],"line":126},"14":{"loc":{"start":{"line":134,"column":4},"end":{"line":138,"column":4}},"type":"binary-expr","locations":[{"start":{"line":134,"column":4},"end":{"line":134,"column":9}},{"start":{"line":135,"column":4},"end":{"line":137,"column":18}}],"line":134},"15":{"loc":{"start":{"line":139,"column":4},"end":{"line":140,"column":45}},"type":"binary-expr","locations":[{"start":{"line":139,"column":4},"end":{"line":139,"column":13}},{"start":{"line":140,"column":4},"end":{"line":140,"column":45}}],"line":139}},"s":{"0":9,"1":8,"2":8,"3":8,"4":0},"f":{"0":8,"1":0},"b":{"0":[0],"1":[0],"2":[7],"3":[8,3,3],"4":[0,0],"5":[8,0],"6":[1,7],"7":[4,4],"8":[4,4],"9":[0,4],"10":[2,2],"11":[4,2],"12":[8,6,6,4],"13":[8,6,0,0],"14":[8,0],"15":[8,8]},"_coverageSchema":"1a1c01bbd47fc00a2c39e90264f33305004495a9","hash":"152b5380775323e305d50dc10882199fabd6eef0"}
,"/Users/rishi.verma/Documents/cantaloupe/cantaloupe_drivers_mobile_app/src/components/organisms/header/header.container.js": {"path":"/Users/rishi.verma/Documents/cantaloupe/cantaloupe_drivers_mobile_app/src/components/organisms/header/header.container.js","statementMap":{"0":{"start":{"line":9,"column":15},"end":{"line":80,"column":1}},"1":{"start":{"line":10,"column":58},"end":{"line":10,"column":72}},"2":{"start":{"line":11,"column":27},"end":{"line":11,"column":42}},"3":{"start":{"line":12,"column":35},"end":{"line":12,"column":49}},"4":{"start":{"line":13,"column":39},"end":{"line":13,"column":59}},"5":{"start":{"line":14,"column":33},"end":{"line":14,"column":51}},"6":{"start":{"line":15,"column":20},"end":{"line":15,"column":35}},"7":{"start":{"line":16,"column":1},"end":{"line":18,"column":19}},"8":{"start":{"line":17,"column":2},"end":{"line":17,"column":26}},"9":{"start":{"line":20,"column":1},"end":{"line":22,"column":8}},"10":{"start":{"line":21,"column":2},"end":{"line":21,"column":14}},"11":{"start":{"line":24,"column":19},"end":{"line":28,"column":2}},"12":{"start":{"line":25,"column":17},"end":{"line":25,"column":50}},"13":{"start":{"line":26,"column":19},"end":{"line":26,"column":49}},"14":{"start":{"line":27,"column":2},"end":{"line":27,"column":29}},"15":{"start":{"line":30,"column":25},"end":{"line":33,"column":2}},"16":{"start":{"line":31,"column":2},"end":{"line":31,"column":17}},"17":{"start":{"line":32,"column":2},"end":{"line":32,"column":26}},"18":{"start":{"line":34,"column":24},"end":{"line":37,"column":2}},"19":{"start":{"line":35,"column":2},"end":{"line":35,"column":18}},"20":{"start":{"line":36,"column":2},"end":{"line":36,"column":21}},"21":{"start":{"line":39,"column":22},"end":{"line":43,"column":2}},"22":{"start":{"line":40,"column":2},"end":{"line":40,"column":19}},"23":{"start":{"line":41,"column":2},"end":{"line":41,"column":19}},"24":{"start":{"line":42,"column":2},"end":{"line":42,"column":55}},"25":{"start":{"line":44,"column":23},"end":{"line":46,"column":2}},"26":{"start":{"line":45,"column":2},"end":{"line":45,"column":22}},"27":{"start":{"line":48,"column":23},"end":{"line":67,"column":2}},"28":{"start":{"line":49,"column":2},"end":{"line":66,"column":3}},"29":{"start":{"line":51,"column":4},"end":{"line":57,"column":6}},"30":{"start":{"line":59,"column":4},"end":{"line":63,"column":6}},"31":{"start":{"line":65,"column":4},"end":{"line":65,"column":16}},"32":{"start":{"line":68,"column":20},"end":{"line":68,"column":44}},"33":{"start":{"line":69,"column":1},"end":{"line":79,"column":3}}},"fnMap":{"0":{"name":"(anonymous_0)","decl":{"start":{"line":9,"column":15},"end":{"line":9,"column":16}},"loc":{"start":{"line":9,"column":26},"end":{"line":80,"column":1}},"line":9},"1":{"name":"(anonymous_1)","decl":{"start":{"line":16,"column":11},"end":{"line":16,"column":12}},"loc":{"start":{"line":16,"column":17},"end":{"line":18,"column":2}},"line":16},"2":{"name":"(anonymous_2)","decl":{"start":{"line":20,"column":11},"end":{"line":20,"column":12}},"loc":{"start":{"line":20,"column":17},"end":{"line":22,"column":2}},"line":20},"3":{"name":"(anonymous_3)","decl":{"start":{"line":24,"column":19},"end":{"line":24,"column":20}},"loc":{"start":{"line":24,"column":31},"end":{"line":28,"column":2}},"line":24},"4":{"name":"(anonymous_4)","decl":{"start":{"line":30,"column":25},"end":{"line":30,"column":26}},"loc":{"start":{"line":30,"column":31},"end":{"line":33,"column":2}},"line":30},"5":{"name":"(anonymous_5)","decl":{"start":{"line":34,"column":24},"end":{"line":34,"column":25}},"loc":{"start":{"line":34,"column":30},"end":{"line":37,"column":2}},"line":34},"6":{"name":"(anonymous_6)","decl":{"start":{"line":39,"column":22},"end":{"line":39,"column":23}},"loc":{"start":{"line":39,"column":28},"end":{"line":43,"column":2}},"line":39},"7":{"name":"(anonymous_7)","decl":{"start":{"line":44,"column":23},"end":{"line":44,"column":24}},"loc":{"start":{"line":44,"column":29},"end":{"line":46,"column":2}},"line":44},"8":{"name":"(anonymous_8)","decl":{"start":{"line":48,"column":23},"end":{"line":48,"column":24}},"loc":{"start":{"line":48,"column":33},"end":{"line":67,"column":2}},"line":48}},"branchMap":{"0":{"loc":{"start":{"line":49,"column":2},"end":{"line":66,"column":3}},"type":"switch","locations":[{"start":{"line":50,"column":3},"end":{"line":57,"column":6}},{"start":{"line":58,"column":3},"end":{"line":63,"column":6}},{"start":{"line":64,"column":3},"end":{"line":65,"column":16}}],"line":49}},"s":{"0":9,"1":8,"2":8,"3":8,"4":8,"5":8,"6":8,"7":8,"8":1,"9":8,"10":1,"11":8,"12":1,"13":1,"14":1,"15":8,"16":0,"17":0,"18":8,"19":0,"20":0,"21":8,"22":0,"23":0,"24":0,"25":8,"26":0,"27":8,"28":8,"29":0,"30":0,"31":8,"32":8,"33":8},"f":{"0":8,"1":1,"2":1,"3":1,"4":0,"5":0,"6":0,"7":0,"8":8},"b":{"0":[0,0,8]},"_coverageSchema":"1a1c01bbd47fc00a2c39e90264f33305004495a9","hash":"0d63bdc63d9fdc478b18e687011af14679ecf4e8"}
,"/Users/rishi.verma/Documents/cantaloupe/cantaloupe_drivers_mobile_app/src/components/organisms/header/headerStyles.js": {"path":"/Users/rishi.verma/Documents/cantaloupe/cantaloupe_drivers_mobile_app/src/components/organisms/header/headerStyles.js","statementMap":{"0":{"start":{"line":11,"column":22},"end":{"line":11,"column":27}},"1":{"start":{"line":12,"column":22},"end":{"line":125,"column":2}}},"fnMap":{},"branchMap":{},"s":{"0":9,"1":9},"f":{},"b":{},"_coverageSchema":"1a1c01bbd47fc00a2c39e90264f33305004495a9","hash":"0135efebdf543953244b9f4ae2cca85a01fdf318"}
,"/Users/rishi.verma/Documents/cantaloupe/cantaloupe_drivers_mobile_app/src/components/organisms/loginWidget/login.component.js": {"path":"/Users/rishi.verma/Documents/cantaloupe/cantaloupe_drivers_mobile_app/src/components/organisms/loginWidget/login.component.js","statementMap":{"0":{"start":{"line":6,"column":23},"end":{"line":33,"column":1}},"1":{"start":{"line":7,"column":27},"end":{"line":7,"column":32}},"2":{"start":{"line":8,"column":4},"end":{"line":32,"column":6}},"3":{"start":{"line":13,"column":24},"end":{"line":28,"column":26}}},"fnMap":{"0":{"name":"(anonymous_0)","decl":{"start":{"line":6,"column":23},"end":{"line":6,"column":24}},"loc":{"start":{"line":6,"column":34},"end":{"line":33,"column":1}},"line":6},"1":{"name":"(anonymous_1)","decl":{"start":{"line":12,"column":35},"end":{"line":12,"column":36}},"loc":{"start":{"line":13,"column":24},"end":{"line":28,"column":26}},"line":13}},"branchMap":{"0":{"loc":{"start":{"line":11,"column":17},"end":{"line":29,"column":22}},"type":"binary-expr","locations":[{"start":{"line":11,"column":17},"end":{"line":11,"column":27}},{"start":{"line":12,"column":20},"end":{"line":29,"column":22}}],"line":11}},"s":{"0":9,"1":2,"2":1,"3":2},"f":{"0":2,"1":2},"b":{"0":[1,1]},"_coverageSchema":"1a1c01bbd47fc00a2c39e90264f33305004495a9","hash":"bc7b0fb5d1ec492691d8f75c228af3a06e78b94a"}
,"/Users/rishi.verma/Documents/cantaloupe/cantaloupe_drivers_mobile_app/src/components/organisms/pickListWidget/pickList-styles.js": {"path":"/Users/rishi.verma/Documents/cantaloupe/cantaloupe_drivers_mobile_app/src/components/organisms/pickListWidget/pickList-styles.js","statementMap":{"0":{"start":{"line":6,"column":15},"end":{"line":12,"column":2}}},"fnMap":{},"branchMap":{},"s":{"0":9},"f":{},"b":{},"_coverageSchema":"1a1c01bbd47fc00a2c39e90264f33305004495a9","hash":"dd94b044be54e04e79d1a8e4ac3d9f13b92e070e"}
,"/Users/rishi.verma/Documents/cantaloupe/cantaloupe_drivers_mobile_app/src/components/organisms/searchComponent/searchable.component.js": {"path":"/Users/rishi.verma/Documents/cantaloupe/cantaloupe_drivers_mobile_app/src/components/organisms/searchComponent/searchable.component.js","statementMap":{"0":{"start":{"line":10,"column":28},"end":{"line":67,"column":1}},"1":{"start":{"line":31,"column":6},"end":{"line":31,"column":11}},"2":{"start":{"line":34,"column":26},"end":{"line":35,"column":3}},"3":{"start":{"line":37,"column":2},"end":{"line":66,"column":4}}},"fnMap":{"0":{"name":"(anonymous_0)","decl":{"start":{"line":10,"column":28},"end":{"line":10,"column":29}},"loc":{"start":{"line":10,"column":39},"end":{"line":67,"column":1}},"line":10},"1":{"name":"(anonymous_1)","decl":{"start":{"line":34,"column":26},"end":{"line":34,"column":27}},"loc":{"start":{"line":34,"column":32},"end":{"line":35,"column":3}},"line":34}},"branchMap":{"0":{"loc":{"start":{"line":21,"column":4},"end":{"line":21,"column":19}},"type":"default-arg","locations":[{"start":{"line":21,"column":15},"end":{"line":21,"column":19}}],"line":21}},"s":{"0":9,"1":4,"2":2,"3":2},"f":{"0":4,"1":0},"b":{"0":[0]},"_coverageSchema":"1a1c01bbd47fc00a2c39e90264f33305004495a9","hash":"880dc691b2d0deff8c3a3679b0c1d356eac6bde9"}
,"/Users/rishi.verma/Documents/cantaloupe/cantaloupe_drivers_mobile_app/src/components/organisms/selectableItemList/selectableItem-styles.js": {"path":"/Users/rishi.verma/Documents/cantaloupe/cantaloupe_drivers_mobile_app/src/components/organisms/selectableItemList/selectableItem-styles.js","statementMap":{"0":{"start":{"line":3,"column":15},"end":{"line":8,"column":2}}},"fnMap":{},"branchMap":{},"s":{"0":9},"f":{},"b":{},"_coverageSchema":"1a1c01bbd47fc00a2c39e90264f33305004495a9","hash":"71b3ac5515e8d67323aa05ea9928b1c7de2598f4"}
,"/Users/rishi.verma/Documents/cantaloupe/cantaloupe_drivers_mobile_app/src/constants/accessibilityConstants/index.js": {"path":"/Users/rishi.verma/Documents/cantaloupe/cantaloupe_drivers_mobile_app/src/constants/accessibilityConstants/index.js","statementMap":{},"fnMap":{},"branchMap":{},"s":{},"f":{},"b":{},"_coverageSchema":"1a1c01bbd47fc00a2c39e90264f33305004495a9","hash":"2a6169d1f0973d9be39a9f593ca91a035fee8e39"}
,"/Users/rishi.verma/Documents/cantaloupe/cantaloupe_drivers_mobile_app/src/constants/apiConstants/api-constants.js": {"path":"/Users/rishi.verma/Documents/cantaloupe/cantaloupe_drivers_mobile_app/src/constants/apiConstants/api-constants.js","statementMap":{},"fnMap":{},"branchMap":{},"s":{},"f":{},"b":{},"_coverageSchema":"1a1c01bbd47fc00a2c39e90264f33305004495a9","hash":"d6a12cc27afd0935c28a1028d50ad0d72b90e86d"}
,"/Users/rishi.verma/Documents/cantaloupe/cantaloupe_drivers_mobile_app/src/constants/apiConstants/redux-common.js": {"path":"/Users/rishi.verma/Documents/cantaloupe/cantaloupe_drivers_mobile_app/src/constants/apiConstants/redux-common.js","statementMap":{"0":{"start":{"line":1,"column":32},"end":{"line":1,"column":55}},"1":{"start":{"line":4,"column":37},"end":{"line":6,"column":1}},"2":{"start":{"line":8,"column":43},"end":{"line":10,"column":1}},"3":{"start":{"line":13,"column":41},"end":{"line":16,"column":1}}},"fnMap":{},"branchMap":{},"s":{"0":10,"1":10,"2":10,"3":10},"f":{},"b":{},"_coverageSchema":"1a1c01bbd47fc00a2c39e90264f33305004495a9","hash":"a32759a1e2f44fd2f3d6fd1c5c6e12510bd9356a"}
,"/Users/rishi.verma/Documents/cantaloupe/cantaloupe_drivers_mobile_app/src/constants/configConstants/index.js": {"path":"/Users/rishi.verma/Documents/cantaloupe/cantaloupe_drivers_mobile_app/src/constants/configConstants/index.js","statementMap":{"0":{"start":{"line":1,"column":27},"end":{"line":1,"column":61}},"1":{"start":{"line":2,"column":26},"end":{"line":5,"column":1}},"2":{"start":{"line":6,"column":22},"end":{"line":9,"column":1}},"3":{"start":{"line":10,"column":31},"end":{"line":10,"column":39}},"4":{"start":{"line":11,"column":27},"end":{"line":11,"column":32}},"5":{"start":{"line":12,"column":35},"end":{"line":12,"column":43}},"6":{"start":{"line":13,"column":29},"end":{"line":13,"column":37}},"7":{"start":{"line":14,"column":24},"end":{"line":14,"column":32}},"8":{"start":{"line":15,"column":26},"end":{"line":15,"column":35}}},"fnMap":{},"branchMap":{},"s":{"0":11,"1":11,"2":11,"3":11,"4":11,"5":11,"6":11,"7":11,"8":11},"f":{},"b":{},"_coverageSchema":"1a1c01bbd47fc00a2c39e90264f33305004495a9","hash":"10158a3b4a01a9de76ca5db3148982d91307d546"}
,"/Users/rishi.verma/Documents/cantaloupe/cantaloupe_drivers_mobile_app/src/constants/globalConstants/index.js": {"path":"/Users/rishi.verma/Documents/cantaloupe/cantaloupe_drivers_mobile_app/src/constants/globalConstants/index.js","statementMap":{"0":{"start":{"line":1,"column":29},"end":{"line":60,"column":1}},"1":{"start":{"line":2,"column":27},"end":{"line":58,"column":5}},"2":{"start":{"line":59,"column":4},"end":{"line":59,"column":28}},"3":{"start":{"line":62,"column":25},"end":{"line":103,"column":1}},"4":{"start":{"line":63,"column":4},"end":{"line":101,"column":5}},"5":{"start":{"line":102,"column":4},"end":{"line":102,"column":24}}},"fnMap":{"0":{"name":"(anonymous_0)","decl":{"start":{"line":1,"column":29},"end":{"line":1,"column":30}},"loc":{"start":{"line":1,"column":54},"end":{"line":60,"column":1}},"line":1},"1":{"name":"(anonymous_1)","decl":{"start":{"line":62,"column":25},"end":{"line":62,"column":26}},"loc":{"start":{"line":62,"column":50},"end":{"line":103,"column":1}},"line":62}},"branchMap":{"0":{"loc":{"start":{"line":10,"column":24},"end":{"line":10,"column":120}},"type":"binary-expr","locations":[{"start":{"line":10,"column":24},"end":{"line":10,"column":69}},{"start":{"line":10,"column":73},"end":{"line":10,"column":120}}],"line":10},"1":{"loc":{"start":{"line":27,"column":20},"end":{"line":27,"column":96}},"type":"cond-expr","locations":[{"start":{"line":27,"column":85},"end":{"line":27,"column":91}},{"start":{"line":27,"column":94},"end":{"line":27,"column":96}}],"line":27},"2":{"loc":{"start":{"line":27,"column":20},"end":{"line":27,"column":82}},"type":"binary-expr","locations":[{"start":{"line":27,"column":20},"end":{"line":27,"column":62}},{"start":{"line":27,"column":66},"end":{"line":27,"column":82}}],"line":27},"3":{"loc":{"start":{"line":36,"column":20},"end":{"line":36,"column":144}},"type":"cond-expr","locations":[{"start":{"line":36,"column":94},"end":{"line":36,"column":107}},{"start":{"line":36,"column":110},"end":{"line":36,"column":144}}],"line":36},"4":{"loc":{"start":{"line":36,"column":21},"end":{"line":36,"column":90}},"type":"binary-expr","locations":[{"start":{"line":36,"column":21},"end":{"line":36,"column":65}},{"start":{"line":36,"column":69},"end":{"line":36,"column":90}}],"line":36},"5":{"loc":{"start":{"line":36,"column":110},"end":{"line":36,"column":144}},"type":"cond-expr","locations":[{"start":{"line":36,"column":133},"end":{"line":36,"column":139}},{"start":{"line":36,"column":142},"end":{"line":36,"column":144}}],"line":36},"6":{"loc":{"start":{"line":38,"column":24},"end":{"line":38,"column":120}},"type":"binary-expr","locations":[{"start":{"line":38,"column":24},"end":{"line":38,"column":69}},{"start":{"line":38,"column":73},"end":{"line":38,"column":120}}],"line":38},"7":{"loc":{"start":{"line":45,"column":20},"end":{"line":45,"column":51}},"type":"cond-expr","locations":[{"start":{"line":45,"column":40},"end":{"line":45,"column":46}},{"start":{"line":45,"column":49},"end":{"line":45,"column":51}}],"line":45},"8":{"loc":{"start":{"line":53,"column":20},"end":{"line":53,"column":51}},"type":"cond-expr","locations":[{"start":{"line":53,"column":40},"end":{"line":53,"column":46}},{"start":{"line":53,"column":49},"end":{"line":53,"column":51}}],"line":53},"9":{"loc":{"start":{"line":88,"column":20},"end":{"line":88,"column":51}},"type":"cond-expr","locations":[{"start":{"line":88,"column":40},"end":{"line":88,"column":46}},{"start":{"line":88,"column":49},"end":{"line":88,"column":51}}],"line":88},"10":{"loc":{"start":{"line":97,"column":20},"end":{"line":97,"column":51}},"type":"cond-expr","locations":[{"start":{"line":97,"column":40},"end":{"line":97,"column":46}},{"start":{"line":97,"column":49},"end":{"line":97,"column":51}}],"line":97}},"s":{"0":9,"1":1,"2":1,"3":9,"4":1,"5":1},"f":{"0":1,"1":1},"b":{"0":[1,1],"1":[0,1],"2":[1,0],"3":[0,1],"4":[1,0],"5":[0,1],"6":[1,1],"7":[0,1],"8":[0,1],"9":[0,1],"10":[0,1]},"_coverageSchema":"1a1c01bbd47fc00a2c39e90264f33305004495a9","hash":"59423c8263f488e42b56e9609e3bbce5ad536589"}
,"/Users/rishi.verma/Documents/cantaloupe/cantaloupe_drivers_mobile_app/src/constants/initialMachineData/index.js": {"path":"/Users/rishi.verma/Documents/cantaloupe/cantaloupe_drivers_mobile_app/src/constants/initialMachineData/index.js","statementMap":{"0":{"start":{"line":1,"column":32},"end":{"line":51,"column":2}}},"fnMap":{},"branchMap":{},"s":{"0":9},"f":{},"b":{},"_coverageSchema":"1a1c01bbd47fc00a2c39e90264f33305004495a9","hash":"8a8236699f22ef05919cc780a4b9289f5e0c9d3f"}
[...]
,"/Users/rishi.verma/Documents/cantaloupe/cantaloupe_drivers_mobile_app/src/services/statusCodes.js": {"path":"/Users/rishi.verma/Documents/cantaloupe/cantaloupe_drivers_mobile_app/src/services/statusCodes.js","statementMap":{"0":{"start":{"line":1,"column":20},"end":{"line":14,"column":1}}},"fnMap":{},"branchMap":{},"s":{"0":10},"f":{},"b":{},"_coverageSchema":"1a1c01bbd47fc00a2c39e90264f33305004495a9","hash":"988105a8eb69b6b2e80a33f49e1cce18c32a9f61"}
,"/Users/rishi.verma/Documents/cantaloupe/cantaloupe_drivers_mobile_app/src/services/apiAction/index.js": {"path":"/Users/rishi.verma/Documents/cantaloupe/cantaloupe_drivers_mobile_app/src/services/apiAction/index.js","statementMap":{"0":{"start":{"line":5,"column":25},"end":{"line":32,"column":1}},"1":{"start":{"line":8,"column":16},"end":{"line":8,"column":64}},"2":{"start":{"line":9,"column":17},"end":{"line":9,"column":27}},"3":{"start":{"line":10,"column":6},"end":{"line":12,"column":8}},"4":{"start":{"line":11,"column":9},"end":{"line":11,"column":22}},"5":{"start":{"line":16,"column":16},"end":{"line":16,"column":61}},"6":{"start":{"line":17,"column":17},"end":{"line":17,"column":24}},"7":{"start":{"line":18,"column":6},"end":{"line":22,"column":8}},"8":{"start":{"line":19,"column":9},"end":{"line":19,"column":22}},"9":{"start":{"line":26,"column":16},"end":{"line":26,"column":63}},"10":{"start":{"line":27,"column":17},"end":{"line":27,"column":26}},"11":{"start":{"line":28,"column":6},"end":{"line":30,"column":8}},"12":{"start":{"line":29,"column":9},"end":{"line":29,"column":22}}},"fnMap":{"0":{"name":"(anonymous_0)","decl":{"start":{"line":7,"column":33},"end":{"line":7,"column":34}},"loc":{"start":{"line":7,"column":47},"end":{"line":13,"column":4}},"line":7},"1":{"name":"(anonymous_1)","decl":{"start":{"line":10,"column":37},"end":{"line":10,"column":38}},"loc":{"start":{"line":10,"column":46},"end":{"line":12,"column":7}},"line":10},"2":{"name":"(anonymous_2)","decl":{"start":{"line":15,"column":27},"end":{"line":15,"column":28}},"loc":{"start":{"line":15,"column":41},"end":{"line":23,"column":4}},"line":15},"3":{"name":"(anonymous_3)","decl":{"start":{"line":18,"column":32},"end":{"line":18,"column":33}},"loc":{"start":{"line":18,"column":41},"end":{"line":22,"column":7}},"line":18},"4":{"name":"(anonymous_4)","decl":{"start":{"line":25,"column":31},"end":{"line":25,"column":32}},"loc":{"start":{"line":25,"column":54},"end":{"line":31,"column":4}},"line":25},"5":{"name":"(anonymous_5)","decl":{"start":{"line":28,"column":42},"end":{"line":28,"column":43}},"loc":{"start":{"line":28,"column":51},"end":{"line":30,"column":7}},"line":28}},"branchMap":{},"s":{"0":10,"1":1,"2":1,"3":1,"4":0,"5":1,"6":1,"7":1,"8":0,"9":1,"10":1,"11":1,"12":0},"f":{"0":1,"1":0,"2":1,"3":0,"4":1,"5":0},"b":{},"_coverageSchema":"1a1c01bbd47fc00a2c39e90264f33305004495a9","hash":"3e4b132f89832a05c33812b0dab7f4de91066d50"}
,"/Users/rishi.verma/Documents/cantaloupe/cantaloupe_drivers_mobile_app/src/styles/commonStyles.js": {"path":"/Users/rishi.verma/Documents/cantaloupe/cantaloupe_drivers_mobile_app/src/styles/commonStyles.js","statementMap":{"0":{"start":{"line":9,"column":17},"end":{"line":51,"column":1}}},"fnMap":{},"branchMap":{},"s":{"0":9},"f":{},"b":{},"_coverageSchema":"1a1c01bbd47fc00a2c39e90264f33305004495a9","hash":"87c6f797543225317aa78d9d52167f713edbe124"}
,"/Users/rishi.verma/Documents/cantaloupe/cantaloupe_drivers_mobile_app/src/styles/screenStyles.js": {"path":"/Users/rishi.verma/Documents/cantaloupe/cantaloupe_drivers_mobile_app/src/styles/screenStyles.js","statementMap":{"0":{"start":{"line":13,"column":22},"end":{"line":13,"column":27}},"1":{"start":{"line":15,"column":22},"end":{"line":151,"column":2}}},"fnMap":{},"branchMap":{},"s":{"0":9,"1":9},"f":{},"b":{},"_coverageSchema":"1a1c01bbd47fc00a2c39e90264f33305004495a9","hash":"d6bb35fce45cb25a86ceb22ed81eca30a7f0fad9"}
,"/Users/rishi.verma/Documents/cantaloupe/cantaloupe_drivers_mobile_app/src/utils/index.js": {"path":"/Users/rishi.verma/Documents/cantaloupe/cantaloupe_drivers_mobile_app/src/utils/index.js","statementMap":{"0":{"start":{"line":12,"column":25},"end":{"line":27,"column":1}},"1":{"start":{"line":14,"column":42},"end":{"line":14,"column":57}},"2":{"start":{"line":15,"column":26},"end":{"line":18,"column":3}},"3":{"start":{"line":16,"column":4},"end":{"line":16,"column":26}},"4":{"start":{"line":17,"column":4},"end":{"line":17,"column":15}},"5":{"start":{"line":19,"column":26},"end":{"line":21,"column":3}},"6":{"start":{"line":20,"column":4},"end":{"line":20,"column":27}},"7":{"start":{"line":22,"column":2},"end":{"line":25,"column":9}},"8":{"start":{"line":23,"column":4},"end":{"line":23,"column":61}},"9":{"start":{"line":24,"column":4},"end":{"line":24,"column":61}},"10":{"start":{"line":26,"column":2},"end":{"line":26,"column":22}},"11":{"start":{"line":31,"column":31},"end":{"line":45,"column":1}},"12":{"start":{"line":32,"column":46},"end":{"line":32,"column":57}},"13":{"start":{"line":33,"column":26},"end":{"line":36,"column":3}},"14":{"start":{"line":34,"column":4},"end":{"line":34,"column":47}},"15":{"start":{"line":35,"column":4},"end":{"line":35,"column":15}},"16":{"start":{"line":37,"column":26},"end":{"line":39,"column":3}},"17":{"start":{"line":38,"column":4},"end":{"line":38,"column":25}},"18":{"start":{"line":40,"column":2},"end":{"line":43,"column":9}},"19":{"start":{"line":41,"column":4},"end":{"line":41,"column":61}},"20":{"start":{"line":42,"column":4},"end":{"line":42,"column":61}},"21":{"start":{"line":44,"column":2},"end":{"line":44,"column":24}},"22":{"start":{"line":48,"column":26},"end":{"line":52,"column":1}},"23":{"start":{"line":49,"column":2},"end":{"line":50,"column":121}},"24":{"start":{"line":49,"column":33},"end":{"line":49,"column":82}},"25":{"start":{"line":50,"column":20},"end":{"line":50,"column":119}},"26":{"start":{"line":51,"column":2},"end":{"line":51,"column":16}},"27":{"start":{"line":55,"column":32},"end":{"line":62,"column":1}},"28":{"start":{"line":56,"column":19},"end":{"line":60,"column":4}},"29":{"start":{"line":57,"column":16},"end":{"line":57,"column":36}},"30":{"start":{"line":58,"column":16},"end":{"line":58,"column":36}},"31":{"start":{"line":59,"column":4},"end":{"line":59,"column":58}},"32":{"start":{"line":61,"column":2},"end":{"line":61,"column":20}},"33":{"start":{"line":66,"column":23},"end":{"line":78,"column":1}},"34":{"start":{"line":67,"column":22},"end":{"line":76,"column":4}},"35":{"start":{"line":68,"column":4},"end":{"line":75,"column":5}},"36":{"start":{"line":69,"column":6},"end":{"line":69,"column":28}},"37":{"start":{"line":73,"column":6},"end":{"line":73,"column":27}},"38":{"start":{"line":74,"column":6},"end":{"line":74,"column":19}},"39":{"start":{"line":77,"column":2},"end":{"line":77,"column":29}},"40":{"start":{"line":77,"column":15},"end":{"line":77,"column":28}},"41":{"start":{"line":82,"column":31},"end":{"line":95,"column":1}},"42":{"start":{"line":83,"column":14},"end":{"line":83,"column":16}},"43":{"start":{"line":84,"column":2},"end":{"line":93,"column":5}},"44":{"start":{"line":85,"column":4},"end":{"line":92,"column":9}},"45":{"start":{"line":87,"column":21},"end":{"line":87,"column":81}},"46":{"start":{"line":88,"column":20},"end":{"line":88,"column":61}},"47":{"start":{"line":89,"column":8},"end":{"line":89,"column":25}},"48":{"start":{"line":94,"column":2},"end":{"line":94,"column":14}},"49":{"start":{"line":99,"column":28},"end":{"line":128,"column":1}},"50":{"start":{"line":101,"column":18},"end":{"line":101,"column":106}},"51":{"start":{"line":101,"column":45},"end":{"line":101,"column":105}},"52":{"start":{"line":101,"column":80},"end":{"line":101,"column":104}},"53":{"start":{"line":103,"column":17},"end":{"line":103,"column":104}},"54":{"start":{"line":103,"column":44},"end":{"line":103,"column":103}},"55":{"start":{"line":103,"column":79},"end":{"line":103,"column":102}},"56":{"start":{"line":106,"column":22},"end":{"line":106,"column":23}},"57":{"start":{"line":107,"column":2},"end":{"line":110,"column":5}},"58":{"start":{"line":108,"column":15},"end":{"line":108,"column":85}},"59":{"start":{"line":108,"column":56},"end":{"line":108,"column":84}},"60":{"start":{"line":109,"column":4},"end":{"line":109,"column":56}},"61":{"start":{"line":113,"column":23},"end":{"line":113,"column":24}},"62":{"start":{"line":114,"column":2},"end":{"line":117,"column":5}},"63":{"start":{"line":115,"column":15},"end":{"line":115,"column":84}},"64":{"start":{"line":115,"column":56},"end":{"line":115,"column":83}},"65":{"start":{"line":116,"column":4},"end":{"line":116,"column":58}},"66":{"start":{"line":119,"column":19},"end":{"line":126,"column":3}},"67":{"start":{"line":127,"column":2},"end":{"line":127,"column":19}},"68":{"start":{"line":131,"column":30},"end":{"line":139,"column":1}},"69":{"start":{"line":132,"column":17},"end":{"line":132,"column":73}},"70":{"start":{"line":132,"column":44},"end":{"line":132,"column":72}},"71":{"start":{"line":133,"column":17},"end":{"line":133,"column":72}},"72":{"start":{"line":133,"column":44},"end":{"line":133,"column":71}},"73":{"start":{"line":134,"column":19},"end":{"line":137,"column":3}},"74":{"start":{"line":138,"column":2},"end":{"line":138,"column":19}},"75":{"start":{"line":142,"column":24},"end":{"line":144,"column":1}},"76":{"start":{"line":143,"column":2},"end":{"line":143,"column":31}},"77":{"start":{"line":147,"column":31},"end":{"line":150,"column":1}},"78":{"start":{"line":148,"column":19},"end":{"line":148,"column":66}},"79":{"start":{"line":149,"column":2},"end":{"line":149,"column":20}},"80":{"start":{"line":153,"column":28},"end":{"line":170,"column":1}},"81":{"start":{"line":154,"column":2},"end":{"line":169,"column":5}}},"fnMap":{"0":{"name":"(anonymous_0)","decl":{"start":{"line":12,"column":25},"end":{"line":12,"column":26}},"loc":{"start":{"line":12,"column":31},"end":{"line":27,"column":1}},"line":12},"1":{"name":"(anonymous_1)","decl":{"start":{"line":15,"column":26},"end":{"line":15,"column":27}},"loc":{"start":{"line":15,"column":33},"end":{"line":18,"column":3}},"line":15},"2":{"name":"(anonymous_2)","decl":{"start":{"line":19,"column":26},"end":{"line":19,"column":27}},"loc":{"start":{"line":19,"column":32},"end":{"line":21,"column":3}},"line":19},"3":{"name":"(anonymous_3)","decl":{"start":{"line":22,"column":12},"end":{"line":22,"column":13}},"loc":{"start":{"line":22,"column":18},"end":{"line":25,"column":3}},"line":22},"4":{"name":"(anonymous_4)","decl":{"start":{"line":31,"column":31},"end":{"line":31,"column":32}},"loc":{"start":{"line":31,"column":37},"end":{"line":45,"column":1}},"line":31},"5":{"name":"(anonymous_5)","decl":{"start":{"line":33,"column":26},"end":{"line":33,"column":27}},"loc":{"start":{"line":33,"column":33},"end":{"line":36,"column":3}},"line":33},"6":{"name":"(anonymous_6)","decl":{"start":{"line":37,"column":26},"end":{"line":37,"column":27}},"loc":{"start":{"line":37,"column":32},"end":{"line":39,"column":3}},"line":37},"7":{"name":"(anonymous_7)","decl":{"start":{"line":40,"column":12},"end":{"line":40,"column":13}},"loc":{"start":{"line":40,"column":18},"end":{"line":43,"column":3}},"line":40},"8":{"name":"(anonymous_8)","decl":{"start":{"line":48,"column":26},"end":{"line":48,"column":27}},"loc":{"start":{"line":48,"column":46},"end":{"line":52,"column":1}},"line":48},"9":{"name":"(anonymous_9)","decl":{"start":{"line":49,"column":28},"end":{"line":49,"column":29}},"loc":{"start":{"line":49,"column":33},"end":{"line":49,"column":82}},"line":49},"10":{"name":"(anonymous_10)","decl":{"start":{"line":50,"column":10},"end":{"line":50,"column":11}},"loc":{"start":{"line":50,"column":20},"end":{"line":50,"column":119}},"line":50},"11":{"name":"(anonymous_11)","decl":{"start":{"line":55,"column":32},"end":{"line":55,"column":33}},"loc":{"start":{"line":55,"column":47},"end":{"line":62,"column":1}},"line":55},"12":{"name":"(anonymous_12)","decl":{"start":{"line":56,"column":35},"end":{"line":56,"column":36}},"loc":{"start":{"line":56,"column":51},"end":{"line":60,"column":3}},"line":56},"13":{"name":"(anonymous_13)","decl":{"start":{"line":66,"column":23},"end":{"line":66,"column":24}},"loc":{"start":{"line":66,"column":43},"end":{"line":78,"column":1}},"line":66},"14":{"name":"(anonymous_14)","decl":{"start":{"line":67,"column":47},"end":{"line":67,"column":48}},"loc":{"start":{"line":67,"column":56},"end":{"line":76,"column":3}},"line":67},"15":{"name":"(anonymous_15)","decl":{"start":{"line":77,"column":9},"end":{"line":77,"column":10}},"loc":{"start":{"line":77,"column":15},"end":{"line":77,"column":28}},"line":77},"16":{"name":"(anonymous_16)","decl":{"start":{"line":82,"column":31},"end":{"line":82,"column":32}},"loc":{"start":{"line":82,"column":46},"end":{"line":95,"column":1}},"line":82},"17":{"name":"(anonymous_17)","decl":{"start":{"line":84,"column":18},"end":{"line":84,"column":19}},"loc":{"start":{"line":84,"column":26},"end":{"line":93,"column":3}},"line":84},"18":{"name":"(anonymous_18)","decl":{"start":{"line":86,"column":12},"end":{"line":86,"column":13}},"loc":{"start":{"line":86,"column":23},"end":{"line":90,"column":7}},"line":86},"19":{"name":"(anonymous_19)","decl":{"start":{"line":91,"column":13},"end":{"line":91,"column":14}},"loc":{"start":{"line":91,"column":24},"end":{"line":92,"column":7}},"line":91},"20":{"name":"(anonymous_20)","decl":{"start":{"line":99,"column":28},"end":{"line":99,"column":29}},"loc":{"start":{"line":99,"column":38},"end":{"line":128,"column":1}},"line":99},"21":{"name":"(anonymous_21)","decl":{"start":{"line":101,"column":31},"end":{"line":101,"column":32}},"loc":{"start":{"line":101,"column":45},"end":{"line":101,"column":105}},"line":101},"22":{"name":"(anonymous_22)","decl":{"start":{"line":101,"column":70},"end":{"line":101,"column":71}},"loc":{"start":{"line":101,"column":80},"end":{"line":101,"column":104}},"line":101},"23":{"name":"(anonymous_23)","decl":{"start":{"line":103,"column":30},"end":{"line":103,"column":31}},"loc":{"start":{"line":103,"column":44},"end":{"line":103,"column":103}},"line":103},"24":{"name":"(anonymous_24)","decl":{"start":{"line":103,"column":69},"end":{"line":103,"column":70}},"loc":{"start":{"line":103,"column":79},"end":{"line":103,"column":102}},"line":103},"25":{"name":"(anonymous_25)","decl":{"start":{"line":107,"column":17},"end":{"line":107,"column":18}},"loc":{"start":{"line":107,"column":29},"end":{"line":110,"column":3}},"line":107},"26":{"name":"(anonymous_26)","decl":{"start":{"line":108,"column":42},"end":{"line":108,"column":43}},"loc":{"start":{"line":108,"column":56},"end":{"line":108,"column":84}},"line":108},"27":{"name":"(anonymous_27)","decl":{"start":{"line":114,"column":16},"end":{"line":114,"column":17}},"loc":{"start":{"line":114,"column":28},"end":{"line":117,"column":3}},"line":114},"28":{"name":"(anonymous_28)","decl":{"start":{"line":115,"column":42},"end":{"line":115,"column":43}},"loc":{"start":{"line":115,"column":56},"end":{"line":115,"column":83}},"line":115},"29":{"name":"(anonymous_29)","decl":{"start":{"line":131,"column":30},"end":{"line":131,"column":31}},"loc":{"start":{"line":131,"column":40},"end":{"line":139,"column":1}},"line":131},"30":{"name":"(anonymous_30)","decl":{"start":{"line":132,"column":30},"end":{"line":132,"column":31}},"loc":{"start":{"line":132,"column":44},"end":{"line":132,"column":72}},"line":132},"31":{"name":"(anonymous_31)","decl":{"start":{"line":133,"column":30},"end":{"line":133,"column":31}},"loc":{"start":{"line":133,"column":44},"end":{"line":133,"column":71}},"line":133},"32":{"name":"(anonymous_32)","decl":{"start":{"line":142,"column":24},"end":{"line":142,"column":25}},"loc":{"start":{"line":142,"column":30},"end":{"line":144,"column":1}},"line":142},"33":{"name":"(anonymous_33)","decl":{"start":{"line":147,"column":31},"end":{"line":147,"column":32}},"loc":{"start":{"line":147,"column":37},"end":{"line":150,"column":1}},"line":147},"34":{"name":"(anonymous_34)","decl":{"start":{"line":153,"column":28},"end":{"line":153,"column":29}},"loc":{"start":{"line":153,"column":70},"end":{"line":170,"column":1}},"line":153}},"branchMap":{"0":{"loc":{"start":{"line":59,"column":11},"end":{"line":59,"column":57}},"type":"cond-expr","locations":[{"start":{"line":59,"column":29},"end":{"line":59,"column":31}},{"start":{"line":59,"column":34},"end":{"line":59,"column":57}}],"line":59},"1":{"loc":{"start":{"line":59,"column":34},"end":{"line":59,"column":57}},"type":"cond-expr","locations":[{"start":{"line":59,"column":52},"end":{"line":59,"column":53}},{"start":{"line":59,"column":56},"end":{"line":59,"column":57}}],"line":59},"2":{"loc":{"start":{"line":68,"column":4},"end":{"line":75,"column":5}},"type":"if","locations":[{"start":{"line":68,"column":4},"end":{"line":75,"column":5}},{"start":{"line":72,"column":9},"end":{"line":75,"column":5}}],"line":68},"3":{"loc":{"start":{"line":124,"column":25},"end":{"line":124,"column":64}},"type":"cond-expr","locations":[{"start":{"line":124,"column":47},"end":{"line":124,"column":48}},{"start":{"line":124,"column":51},"end":{"line":124,"column":64}}],"line":124},"4":{"loc":{"start":{"line":125,"column":24},"end":{"line":125,"column":73}},"type":"cond-expr","locations":[{"start":{"line":125,"column":55},"end":{"line":125,"column":56}},{"start":{"line":125,"column":59},"end":{"line":125,"column":73}}],"line":125}},"s":{"0":13,"1":2,"2":2,"3":0,"4":0,"5":2,"6":0,"7":2,"8":0,"9":0,"10":2,"11":13,"12":0,"13":0,"14":0,"15":0,"16":0,"17":0,"18":0,"19":0,"20":0,"21":0,"22":13,"23":2,"24":8,"25":6,"26":2,"27":13,"28":1,"29":6,"30":6,"31":6,"32":1,"33":13,"34":2,"35":0,"36":0,"37":0,"38":0,"39":2,"40":0,"41":13,"42":1,"43":1,"44":4,"45":0,"46":0,"47":0,"48":1,"49":13,"50":1,"51":1,"52":2,"53":1,"54":1,"55":1,"56":1,"57":1,"58":1,"59":2,"60":1,"61":1,"62":1,"63":1,"64":2,"65":1,"66":1,"67":1,"68":13,"69":1,"70":4,"71":1,"72":4,"73":1,"74":1,"75":13,"76":4,"77":13,"78":1,"79":1,"80":13,"81":1},"f":{"0":2,"1":0,"2":0,"3":0,"4":0,"5":0,"6":0,"7":0,"8":2,"9":8,"10":6,"11":1,"12":6,"13":2,"14":0,"15":0,"16":1,"17":4,"18":0,"19":0,"20":1,"21":1,"22":2,"23":1,"24":1,"25":1,"26":2,"27":1,"28":2,"29":1,"30":4,"31":4,"32":4,"33":1,"34":1},"b":{"0":[4,2],"1":[1,1],"2":[0,0],"3":[0,1],"4":[0,1]},"_coverageSchema":"1a1c01bbd47fc00a2c39e90264f33305004495a9","hash":"4bf34ce70d83f2ea2d797bd84343cb1a960ab806"}
,"/Users/rishi.verma/Documents/cantaloupe/cantaloupe_drivers_mobile_app/src/utils/i18next/i18next.js": {"path":"/Users/rishi.verma/Documents/cantaloupe/cantaloupe_drivers_mobile_app/src/utils/i18next/i18next.js","statementMap":{"0":{"start":{"line":5,"column":0},"end":{"line":110,"column":3}}},"fnMap":{},"branchMap":{},"s":{"0":9},"f":{},"b":{},"_coverageSchema":"1a1c01bbd47fc00a2c39e90264f33305004495a9","hash":"05368d85d11f882b4a3f1b9b412258eaa1f6be01"}
}
