TN:
SF:loggerRnModule.js
FNF:0
FNH:0
DA:3,14
LF:1
LH:1
BRF:0
BRH:0
end_of_record
TN:
SF:loggerservice.js
FN:3,logger
FN:7,loggerError
FN:11,loggerWarn
FN:15,nrInit
FN:19,nrAddUserId
FN:23,nrRecordMetric
FN:27,nrRecordMeticNumber
FN:31,nrInteraction
FN:35,nrLog
FN:47,nrError
FN:59,nrWarning
FN:71,nrCritical
FNF:12
FNH:12
FNDA:1,logger
FNDA:7,loggerError
FNDA:1,loggerWarn
FNDA:1,nrInit
FNDA:1,nrAddUserId
FNDA:2,nrRecordMetric
FNDA:1,nrRecordMeticNumber
FNDA:1,nrInteraction
FNDA:1,nrLog
FNDA:1,nrError
FNDA:1,nrWarning
FNDA:1,nrCritical
DA:4,1
DA:8,7
DA:12,1
DA:16,1
DA:20,1
DA:24,2
DA:28,1
DA:32,1
DA:36,1
DA:48,1
DA:60,1
DA:72,1
LF:12
LH:12
BRF:0
BRH:0
end_of_record
TN:
SF:assets/images/logo.png
FNF:0
FNH:0
DA:1,9
LF:1
LH:1
BRF:0
BRH:0
end_of_record
TN:
SF:assets/images/maglense.png
FNF:0
FNH:0
DA:1,9
LF:1
LH:1
BRF:0
BRH:0
end_of_record
TN:
SF:assets/images/scaner.png
FNF:0
FNH:0
DA:1,9
LF:1
LH:1
BRF:0
BRH:0
end_of_record
TN:
SF:src/components/atoms/index.js
FNF:0
FNH:0
LF:0
LH:0
BRF:0
BRH:0
end_of_record
TN:
SF:src/components/atoms/flatlist/flatlist.component.js
FN:8,(anonymous_0)
FNF:1
FNH:1
FNDA:4,(anonymous_0)
DA:8,11
DA:10,4
LF:2
LH:2
BRF:0
BRH:0
end_of_record
TN:
SF:src/components/atoms/iconComponent/icon.component.js
FN:8,(anonymous_0)
FNF:1
FNH:1
FNDA:8,(anonymous_0)
DA:8,8
LF:1
LH:1
BRF:0
BRH:0
end_of_record
TN:
SF:src/components/atoms/keyboardHide/keyboardHide.component.js
FN:11,(anonymous_0)
FN:14,(anonymous_1)
FNF:2
FNH:1
FNDA:2,(anonymous_0)
FNDA:0,(anonymous_1)
DA:11,11
DA:12,2
DA:13,2
DA:14,0
LF:4
LH:3
BRDA:11,0,0,2
BRDA:11,1,0,2
BRDA:14,2,0,2
BRDA:14,2,1,2
BRDA:14,3,0,0
BRDA:14,3,1,0
BRDA:14,4,0,0
BRDA:14,4,1,0
BRF:8
BRH:4
end_of_record
TN:
SF:src/components/atoms/mixPanel/mixpanel.component.js
FNF:0
FNH:0
DA:11,9
DA:12,9
DA:13,9
LF:3
LH:3
BRF:0
BRH:0
end_of_record
TN:
SF:src/components/atoms/modal/modal.component.js
FN:6,(anonymous_0)
FNF:1
FNH:0
FNDA:0,(anonymous_0)
DA:6,11
DA:7,0
LF:2
LH:1
BRDA:6,0,0,0
BRF:1
BRH:0
end_of_record
TN:
SF:src/components/atoms/text/text.component.js
FN:17,(anonymous_0)
FN:31,(anonymous_1)
FNF:2
FNH:2
FNDA:38,(anonymous_0)
FNDA:38,(anonymous_1)
DA:10,11
DA:17,11
DA:18,38
DA:31,11
DA:32,38
DA:34,38
DA:35,38
LF:7
LH:7
BRDA:18,0,0,0
BRDA:18,0,1,38
BRF:2
BRH:1
end_of_record
TN:
SF:src/components/atoms/textInput/textInput-styles.js
FNF:0
FNH:0
DA:6,11
DA:8,11
LF:2
LH:2
BRF:0
BRH:0
end_of_record
TN:
SF:src/components/atoms/textInput/textInput.component.js
FN:13,(anonymous_0)
FN:45,(anonymous_1)
FN:95,(anonymous_2)
FN:97,(anonymous_3)
FNF:4
FNH:2
FNDA:7,(anonymous_0)
FNDA:4,(anonymous_1)
FNDA:0,(anonymous_2)
FNDA:0,(anonymous_3)
DA:13,11
DA:43,7
DA:44,4
DA:45,4
DA:46,4
DA:56,4
DA:95,0
DA:97,0
LF:8
LH:6
BRDA:38,0,0,4
BRDA:46,1,0,0
BRDA:46,1,1,0
BRDA:62,2,0,0
BRDA:62,2,1,4
BRDA:65,3,0,0
BRDA:65,3,1,0
BRDA:70,4,0,0
BRDA:70,4,1,0
BRDA:73,5,0,0
BRDA:73,5,1,0
BRDA:74,6,0,0
BRDA:74,6,1,0
BRDA:76,7,0,0
BRDA:76,7,1,0
BRDA:78,8,0,0
BRDA:78,8,1,0
BRDA:78,8,2,0
BRDA:78,8,3,0
BRDA:78,8,4,0
BRDA:80,9,0,0
BRDA:80,9,1,0
BRDA:81,10,0,0
BRDA:81,10,1,0
BRDA:85,11,0,0
BRDA:85,11,1,0
BRDA:85,11,2,0
BRDA:87,12,0,0
BRDA:87,12,1,0
BRDA:88,13,0,0
BRDA:88,13,1,0
BRDA:93,14,0,0
BRDA:93,14,1,0
BRDA:93,15,0,0
BRDA:93,15,1,0
BRDA:95,16,0,0
BRDA:95,16,1,0
BRDA:99,17,0,0
BRDA:99,17,1,0
BRF:39
BRH:2
end_of_record
TN:
SF:src/components/atoms/touchableItem/touchableItem.component.js
FN:9,(anonymous_0)
FN:23,(anonymous_1)
FNF:2
FNH:2
FNDA:11,(anonymous_0)
FNDA:11,(anonymous_1)
DA:9,12
DA:10,11
DA:23,12
DA:24,11
DA:25,11
DA:26,11
DA:27,11
LF:7
LH:7
BRDA:10,0,0,0
BRDA:10,0,1,11
BRDA:26,1,0,0
BRDA:26,1,1,11
BRF:4
BRH:2
end_of_record
TN:
SF:src/components/molecules/index.js
FNF:0
FNH:0
LF:0
LH:0
BRF:0
BRH:0
end_of_record
TN:
SF:src/components/molecules/button/button-styles.js
FNF:0
FNH:0
DA:6,10
LF:1
LH:1
BRF:0
BRH:0
end_of_record
TN:
SF:src/components/molecules/buttonPill/buttonPill-styles.js
FNF:0
FNH:0
DA:6,9
DA:8,9
LF:2
LH:2
BRF:0
BRH:0
end_of_record
TN:
SF:src/components/molecules/customKeyboard/keyboard-Styles.js
FNF:0
FNH:0
DA:6,10
DA:7,10
DA:9,10
LF:3
LH:3
BRF:0
BRH:0
end_of_record
TN:
SF:src/components/molecules/dashBoardRender/dashboardRenderer-styles.js
FNF:0
FNH:0
DA:10,9
DA:12,9
LF:2
LH:2
BRF:0
BRH:0
end_of_record
TN:
SF:src/components/molecules/errorcomponent/error.component.js
FN:13,(anonymous_0)
FNF:1
FNH:1
FNDA:1,(anonymous_0)
DA:13,9
DA:14,1
LF:2
LH:2
BRDA:16,0,0,0
BRDA:16,0,1,1
BRDA:19,1,0,0
BRDA:19,1,1,1
BRF:4
BRH:2
end_of_record
TN:
SF:src/components/molecules/errorcomponent/errorComponent-styles.js
FNF:0
FNH:0
DA:10,9
DA:11,9
LF:2
LH:2
BRF:0
BRH:0
end_of_record
TN:
SF:src/components/molecules/formContainer/form.container.component.js
FN:8,(anonymous_0)
FNF:1
FNH:1
FNDA:2,(anonymous_0)
DA:8,9
DA:9,2
DA:10,1
LF:3
LH:3
BRF:0
BRH:0
end_of_record
TN:
SF:src/components/molecules/formContainer/formComponent-styes.js
FNF:0
FNH:0
DA:9,9
LF:1
LH:1
BRF:0
BRH:0
end_of_record
TN:
SF:src/components/molecules/formField/form.component.js
FN:14,(anonymous_0)
FN:19,(anonymous_1)
FN:25,(anonymous_2)
FN:79,(anonymous_3)
FN:87,(anonymous_4)
FNF:5
FNH:1
FNDA:7,(anonymous_0)
FNDA:0,(anonymous_1)
FNDA:0,(anonymous_2)
FNDA:0,(anonymous_3)
FNDA:0,(anonymous_4)
DA:14,9
DA:16,7
DA:17,4
DA:18,4
DA:19,4
DA:20,0
DA:21,0
DA:22,0
DA:25,4
DA:26,0
DA:27,0
DA:28,0
DA:31,4
DA:34,4
DA:79,0
DA:87,0
LF:16
LH:8
BRDA:21,0,0,0
BRDA:21,0,1,0
BRDA:27,1,0,0
BRDA:27,1,1,0
BRDA:31,2,0,0
BRDA:31,2,1,4
BRDA:31,3,0,4
BRDA:31,3,1,0
BRDA:31,3,2,0
BRDA:33,4,0,0
BRDA:33,4,1,4
BRDA:33,5,0,4
BRDA:33,5,1,0
BRDA:33,5,2,0
BRDA:33,6,0,0
BRDA:33,6,1,4
BRDA:33,7,0,4
BRDA:33,7,1,0
BRDA:33,7,2,0
BRDA:37,8,0,0
BRDA:37,8,1,4
BRDA:37,9,0,4
BRDA:37,9,1,0
BRDA:37,10,0,0
BRDA:37,10,1,4
BRDA:38,11,0,4
BRDA:38,11,1,4
BRDA:38,11,2,2
BRDA:43,12,0,4
BRDA:43,12,1,0
BRDA:46,13,0,0
BRDA:46,13,1,4
BRDA:46,14,0,1
BRDA:46,14,1,3
BRDA:73,15,0,4
BRDA:73,15,1,1
BRDA:77,16,0,4
BRDA:77,16,1,0
BRDA:83,17,0,4
BRDA:83,17,1,4
BRDA:83,17,2,0
BRDA:83,17,3,0
BRDA:92,18,0,4
BRDA:92,18,1,0
BRF:44
BRH:22
end_of_record
TN:
SF:src/components/molecules/formField/formField-styles.js
FNF:0
FNH:0
DA:14,9
LF:1
LH:1
BRF:0
BRH:0
end_of_record
TN:
SF:src/components/molecules/globalButton/gbutton.component.js
FN:12,(anonymous_0)
FNF:1
FNH:1
FNDA:2,(anonymous_0)
DA:12,9
DA:13,2
DA:15,2
LF:3
LH:3
BRDA:13,0,0,2
BRDA:21,1,0,0
BRDA:21,1,1,2
BRDA:25,2,0,0
BRDA:25,2,1,2
BRDA:26,3,0,0
BRDA:26,3,1,2
BRDA:30,4,0,2
BRDA:30,4,1,0
BRDA:31,5,0,0
BRDA:31,5,1,2
BRF:11
BRH:6
end_of_record
TN:
SF:src/components/molecules/globalButton/globalButton-styles.js
FNF:0
FNH:0
DA:8,9
LF:1
LH:1
BRF:0
BRH:0
end_of_record
TN:
SF:src/components/molecules/headerBar/headerBar-styles.js
FNF:0
FNH:0
DA:13,9
DA:14,9
LF:2
LH:2
BRF:0
BRH:0
end_of_record
TN:
SF:src/components/molecules/headerBar/headerBar.component.js
FN:16,(anonymous_0)
FNF:1
FNH:1
FNDA:5,(anonymous_0)
DA:16,9
DA:27,5
LF:2
LH:2
BRDA:22,0,0,5
BRDA:31,1,0,5
BRDA:31,1,1,0
BRDA:34,2,0,5
BRDA:34,2,1,0
BRDA:35,3,0,0
BRDA:35,3,1,0
BRDA:37,4,0,5
BRDA:37,4,1,0
BRDA:38,5,0,0
BRDA:38,5,1,0
BRDA:42,6,0,5
BRDA:42,6,1,0
BRDA:43,7,0,0
BRDA:43,7,1,0
BRDA:43,8,0,0
BRDA:43,8,1,0
BRDA:45,9,0,5
BRDA:45,9,1,0
BRDA:49,10,0,0
BRDA:49,10,1,0
BRDA:50,11,0,0
BRDA:50,11,1,0
BRDA:51,12,0,0
BRDA:51,12,1,0
BRDA:55,13,0,5
BRDA:55,13,1,0
BRDA:59,14,0,5
BRDA:59,14,1,2
BRDA:64,15,0,2
BRDA:64,15,1,0
BRF:31
BRH:10
end_of_record
TN:
SF:src/components/molecules/headerPlanogram/header.component.js
FN:10,(anonymous_0)
FNF:1
FNH:1
FNDA:1,(anonymous_0)
DA:10,9
DA:17,1
DA:19,1
LF:3
LH:3
BRF:0
BRH:0
end_of_record
TN:
SF:src/components/molecules/headerPlanogram/headerStyles.js
FNF:0
FNH:0
DA:13,9
DA:14,9
LF:2
LH:2
BRF:0
BRH:0
end_of_record
TN:
SF:src/components/molecules/loader/fullLoader.js
FN:6,(anonymous_0)
FNF:1
FNH:1
FNDA:8,(anonymous_0)
DA:6,9
DA:7,8
DA:22,9
LF:3
LH:3
BRDA:9,0,0,4
BRDA:9,0,1,4
BRF:2
BRH:2
end_of_record
TN:
SF:src/components/molecules/machineLocation/machineLocation-styles.js
FNF:0
FNH:0
DA:10,9
DA:12,9
LF:2
LH:2
BRF:0
BRH:0
end_of_record
TN:
SF:src/components/molecules/machineSelector/machineSelector-styles.js
FNF:0
FNH:0
DA:11,9
DA:12,9
LF:2
LH:2
BRF:0
BRH:0
end_of_record
TN:
SF:src/components/molecules/modal/modal-styles.js
FNF:0
FNH:0
DA:4,9
LF:1
LH:1
BRF:0
BRH:0
end_of_record
TN:
SF:src/components/molecules/modalContent/modalContent-styles.js
FNF:0
FNH:0
DA:10,9
DA:12,9
LF:2
LH:2
BRF:0
BRH:0
end_of_record
TN:
SF:src/components/molecules/modalContent/modalContent.component.js
FN:8,(anonymous_0)
FNF:1
FNH:0
FNDA:0,(anonymous_0)
DA:8,9
DA:19,0
DA:20,0
LF:3
LH:1
BRDA:28,0,0,0
BRDA:28,0,1,0
BRDA:35,1,0,0
BRDA:35,1,1,0
BRDA:66,2,0,0
BRDA:66,2,1,0
BRF:6
BRH:0
end_of_record
TN:
SF:src/components/molecules/passwordShow/password.component.js
FN:18,(anonymous_0)
FN:25,(anonymous_1)
FNF:2
FNH:1
FNDA:1,(anonymous_0)
FNDA:0,(anonymous_1)
DA:18,9
DA:19,1
DA:20,1
DA:22,1
DA:25,0
LF:5
LH:4
BRDA:29,0,0,0
BRDA:29,0,1,1
BRDA:31,1,0,0
BRDA:31,1,1,1
BRDA:33,2,0,0
BRDA:33,2,1,1
BRF:6
BRH:3
end_of_record
TN:
SF:src/components/molecules/passwordShow/passwordShow-styles.js
FNF:0
FNH:0
DA:6,9
LF:1
LH:1
BRF:0
BRH:0
end_of_record
TN:
SF:src/components/molecules/pickListItem/pickListItem-styles.js
FNF:0
FNH:0
DA:10,9
DA:12,9
LF:2
LH:2
BRF:0
BRH:0
end_of_record
TN:
SF:src/components/molecules/sdmDeviceState/sdm-styles.js
FNF:0
FNH:0
DA:4,9
LF:1
LH:1
BRF:0
BRH:0
end_of_record
TN:
SF:src/components/molecules/selectableItem/selectableItem-styles.js
FNF:0
FNH:0
DA:10,9
LF:1
LH:1
BRF:0
BRH:0
end_of_record
TN:
SF:src/components/molecules/splashComponent/splash.component.js
FN:9,(anonymous_0)
FNF:1
FNH:1
FNDA:1,(anonymous_0)
DA:9,9
DA:10,1
DA:12,1
LF:3
LH:3
BRF:0
BRH:0
end_of_record
TN:
SF:src/components/molecules/splashComponent/splashComponent-styles.js
FNF:0
FNH:0
DA:8,9
LF:1
LH:1
BRF:0
BRH:0
end_of_record
TN:
SF:src/components/organisms/index.js
FNF:0
FNH:0
LF:0
LH:0
BRF:0
BRH:0
end_of_record
TN:
SF:src/components/organisms/cashWidget/cash-styles.js
FNF:0
FNH:0
DA:8,9
LF:1
LH:1
BRF:0
BRH:0
end_of_record
TN:
SF:src/components/organisms/doubleButton/doubleButton-styles.js
FNF:0
FNH:0
DA:3,9
LF:1
LH:1
BRF:0
BRH:0
end_of_record
TN:
SF:src/components/organisms/header/header.component.js
FN:19,(anonymous_0)
FN:52,(anonymous_1)
FNF:2
FNH:1
FNDA:8,(anonymous_0)
FNDA:0,(anonymous_1)
DA:19,9
DA:38,8
DA:39,8
DA:41,8
DA:52,0
LF:5
LH:4
BRDA:22,0,0,0
BRDA:34,1,0,0
BRDA:35,2,0,7
BRDA:46,3,0,8
BRDA:46,3,1,3
BRDA:46,3,2,3
BRDA:52,4,0,0
BRDA:52,4,1,0
BRDA:58,5,0,8
BRDA:58,5,1,0
BRDA:70,6,0,1
BRDA:70,6,1,7
BRDA:82,7,0,4
BRDA:82,7,1,4
BRDA:83,8,0,4
BRDA:83,8,1,4
BRDA:95,9,0,0
BRDA:95,9,1,4
BRDA:107,10,0,2
BRDA:107,10,1,2
BRDA:107,11,0,4
BRDA:107,11,1,2
BRDA:117,12,0,8
BRDA:117,12,1,6
BRDA:117,12,2,6
BRDA:117,12,3,4
BRDA:126,13,0,8
BRDA:126,13,1,6
BRDA:126,13,2,0
BRDA:126,13,3,0
BRDA:134,14,0,8
BRDA:134,14,1,0
BRDA:139,15,0,8
BRDA:139,15,1,8
BRF:34
BRH:25
end_of_record
TN:
SF:src/components/organisms/header/header.container.js
FN:9,(anonymous_0)
FN:16,(anonymous_1)
FN:20,(anonymous_2)
FN:24,(anonymous_3)
FN:30,(anonymous_4)
FN:34,(anonymous_5)
FN:39,(anonymous_6)
FN:44,(anonymous_7)
FN:48,(anonymous_8)
FNF:9
FNH:5
FNDA:8,(anonymous_0)
FNDA:1,(anonymous_1)
FNDA:1,(anonymous_2)
FNDA:1,(anonymous_3)
FNDA:0,(anonymous_4)
FNDA:0,(anonymous_5)
FNDA:0,(anonymous_6)
FNDA:0,(anonymous_7)
FNDA:8,(anonymous_8)
DA:9,9
DA:10,8
DA:11,8
DA:12,8
DA:13,8
DA:14,8
DA:15,8
DA:16,8
DA:17,1
DA:20,8
DA:21,1
DA:24,8
DA:25,1
DA:26,1
DA:27,1
DA:30,8
DA:31,0
DA:32,0
DA:34,8
DA:35,0
DA:36,0
DA:39,8
DA:40,0
DA:41,0
DA:42,0
DA:44,8
DA:45,0
DA:48,8
DA:49,8
DA:51,0
DA:59,0
DA:65,8
DA:68,8
DA:69,8
LF:34
LH:24
BRDA:49,0,0,0
BRDA:49,0,1,0
BRDA:49,0,2,8
BRF:3
BRH:1
end_of_record
TN:
SF:src/components/organisms/header/headerStyles.js
FNF:0
FNH:0
DA:11,9
DA:12,9
LF:2
LH:2
BRF:0
BRH:0
end_of_record
TN:
SF:src/components/organisms/loginWidget/login.component.js
FN:6,(anonymous_0)
FN:12,(anonymous_1)
FNF:2
FNH:2
FNDA:2,(anonymous_0)
FNDA:2,(anonymous_1)
DA:6,9
DA:7,2
DA:8,1
DA:13,2
LF:4
LH:4
BRDA:11,0,0,1
BRDA:11,0,1,1
BRF:2
BRH:2
end_of_record
TN:
SF:src/components/organisms/pickListWidget/pickList-styles.js
FNF:0
FNH:0
DA:6,9
LF:1
LH:1
BRF:0
BRH:0
end_of_record
TN:
SF:src/components/organisms/searchComponent/searchable.component.js
FN:10,(anonymous_0)
FN:34,(anonymous_1)
FNF:2
FNH:1
FNDA:4,(anonymous_0)
FNDA:0,(anonymous_1)
DA:10,9
DA:31,4
DA:34,2
DA:37,2
LF:4
LH:4
BRDA:21,0,0,0
BRF:1
BRH:0
end_of_record
TN:
SF:src/components/organisms/selectableItemList/selectableItem-styles.js
FNF:0
FNH:0
DA:3,9
LF:1
LH:1
BRF:0
BRH:0
end_of_record
TN:
SF:src/constants/accessibilityConstants/index.js
FNF:0
FNH:0
LF:0
LH:0
BRF:0
BRH:0
end_of_record
TN:
SF:src/constants/apiConstants/api-constants.js
FNF:0
FNH:0
LF:0
LH:0
BRF:0
BRH:0
end_of_record
TN:
SF:src/constants/apiConstants/redux-common.js
FNF:0
FNH:0
DA:1,10
DA:4,10
DA:8,10
DA:13,10
LF:4
LH:4
BRF:0
BRH:0
end_of_record
TN:
SF:src/constants/configConstants/index.js
FNF:0
FNH:0
DA:1,11
DA:2,11
DA:6,11
DA:10,11
DA:11,11
DA:12,11
DA:13,11
DA:14,11
DA:15,11
LF:9
LH:9
BRF:0
BRH:0
end_of_record
TN:
SF:src/constants/globalConstants/index.js
FN:1,(anonymous_0)
FN:62,(anonymous_1)
FNF:2
FNH:2
FNDA:1,(anonymous_0)
FNDA:1,(anonymous_1)
DA:1,9
DA:2,1
DA:59,1
DA:62,9
DA:63,1
DA:102,1
LF:6
LH:6
BRDA:10,0,0,1
BRDA:10,0,1,1
BRDA:27,1,0,0
BRDA:27,1,1,1
BRDA:27,2,0,1
BRDA:27,2,1,0
BRDA:36,3,0,0
BRDA:36,3,1,1
BRDA:36,4,0,1
BRDA:36,4,1,0
BRDA:36,5,0,0
BRDA:36,5,1,1
BRDA:38,6,0,1
BRDA:38,6,1,1
BRDA:45,7,0,0
BRDA:45,7,1,1
BRDA:53,8,0,0
BRDA:53,8,1,1
BRDA:88,9,0,0
BRDA:88,9,1,1
BRDA:97,10,0,0
BRDA:97,10,1,1
BRF:22
BRH:13
end_of_record
TN:
SF:src/constants/initialMachineData/index.js
FNF:0
FNH:0
DA:1,9
LF:1
LH:1
BRF:0
BRH:0
end_of_record
TN:
SF:src/constants/uiConstants/colorConstants.js
FNF:0
FNH:0
DA:8,11
DA:9,11
DA:10,11
DA:11,11
DA:12,11
DA:13,11
DA:14,11
DA:15,11
DA:16,11
DA:17,11
DA:18,11
DA:19,11
DA:20,11
DA:21,11
DA:22,11
DA:23,11
DA:24,11
DA:25,11
DA:26,11
DA:27,11
DA:28,11
DA:29,11
DA:30,11
DA:31,11
DA:32,11
DA:33,11
DA:34,11
DA:35,11
DA:36,11
DA:37,11
DA:38,11
DA:39,11
DA:40,11
DA:41,11
DA:42,11
DA:43,11
DA:44,11
DA:45,11
DA:46,11
DA:47,11
DA:48,11
DA:49,11
DA:50,11
DA:51,11
DA:52,11
DA:53,11
DA:54,11
DA:55,11
DA:56,11
DA:57,11
DA:58,11
LF:51
LH:51
BRF:0
BRH:0
end_of_record
TN:
SF:src/constants/uiConstants/fontFamilyConstants.js
FNF:0
FNH:0
DA:2,11
LF:1
LH:1
BRF:0
BRH:0
end_of_record
TN:
SF:src/constants/uiConstants/fontsConstants.js
FNF:0
FNH:0
DA:5,11
LF:1
LH:1
BRF:0
BRH:0
end_of_record
TN:
SF:src/constants/uiConstants/iconNames.js
FNF:0
FNH:0
LF:0
LH:0
BRF:0
BRH:0
end_of_record
TN:
SF:src/constants/uiConstants/stringConstants.js
FNF:0
FNH:0
LF:0
LH:0
BRF:0
BRH:0
end_of_record
TN:
SF:src/realm/schemas/index.js
FNF:0
FNH:0
DA:3,13
DA:10,13
DA:24,13
DA:40,13
DA:50,13
DA:63,13
DA:72,13
DA:82,13
DA:89,13
DA:97,13
DA:107,13
DA:116,13
DA:128,13
DA:145,13
DA:160,13
DA:180,13
DA:206,13
DA:235,13
DA:250,13
DA:262,13
DA:276,13
DA:288,13
DA:300,13
LF:23
LH:23
BRF:0
BRH:0
end_of_record
TN:
SF:src/redux/redux-common.js
FNF:0
FNH:0
DA:1,10
DA:3,10
DA:7,10
DA:13,10
DA:19,10
LF:5
LH:5
BRF:0
BRH:0
end_of_record
TN:
SF:src/redux/actions/loginAction.js
FN:5,(anonymous_0)
FNF:1
FNH:0
FNDA:0,(anonymous_0)
DA:5,9
LF:1
LH:1
BRF:0
BRH:0
end_of_record
TN:
SF:src/redux/actions/selectedValueAction.js
FN:4,(anonymous_0)
FN:10,(anonymous_1)
FNF:2
FNH:0
FNDA:0,(anonymous_0)
FNDA:0,(anonymous_1)
DA:4,9
DA:10,9
LF:2
LH:2
BRF:0
BRH:0
end_of_record
TN:
SF:src/redux/reducers/rootReducer.js
FN:17,(anonymous_0)
FNF:1
FNH:1
FNDA:10,(anonymous_0)
DA:9,10
DA:17,10
DA:18,10
DA:19,0
DA:21,10
LF:5
LH:4
BRDA:18,0,0,0
BRDA:18,0,1,10
BRF:2
BRH:1
end_of_record
TN:
SF:src/redux/reducers/login/login.js
FN:7,(anonymous_0)
FNF:1
FNH:1
FNDA:30,(anonymous_0)
DA:3,10
DA:7,10
DA:8,30
DA:10,0
DA:15,30
LF:5
LH:4
BRDA:7,0,0,30
BRDA:8,1,0,0
BRDA:8,1,1,30
BRF:3
BRH:2
end_of_record
TN:
SF:src/redux/reducers/planogram/planogramreducer.js
FN:9,(anonymous_0)
FNF:1
FNH:1
FNDA:30,(anonymous_0)
DA:4,10
DA:9,10
DA:10,30
DA:12,0
DA:17,0
DA:22,30
LF:6
LH:4
BRDA:9,0,0,30
BRDA:10,1,0,0
BRDA:10,1,1,0
BRDA:10,1,2,30
BRF:4
BRH:2
end_of_record
TN:
SF:src/redux/reducers/selectedOperator/operator.js
FN:7,(anonymous_0)
FNF:1
FNH:1
FNDA:30,(anonymous_0)
DA:3,10
DA:7,10
DA:8,30
DA:10,0
DA:15,30
LF:5
LH:4
BRDA:7,0,0,30
BRDA:8,1,0,0
BRDA:8,1,1,30
BRF:3
BRH:2
end_of_record
TN:
SF:src/redux/reducers/selectedRouteDate/RouteDate.js
FN:7,(anonymous_0)
FNF:1
FNH:1
FNDA:30,(anonymous_0)
DA:3,10
DA:7,10
DA:8,30
DA:10,0
DA:15,30
LF:5
LH:4
BRDA:7,0,0,30
BRDA:8,1,0,0
BRDA:8,1,1,30
BRF:3
BRH:2
end_of_record
TN:
SF:src/redux/store/index.js
FNF:0
FNH:0
DA:10,10
DA:17,10
DA:21,10
LF:3
LH:3
BRF:0
BRH:0
end_of_record
TN:
SF:src/screens/index.js
FNF:0
FNH:0
LF:0
LH:0
BRF:0
BRH:0
end_of_record
TN:
SF:src/screens/barcodeScan/barcode-screen.js
FN:25,(anonymous_0)
FN:41,(anonymous_1)
FN:71,(anonymous_2)
FN:124,(anonymous_3)
FNF:4
FNH:0
FNDA:0,(anonymous_0)
FNDA:0,(anonymous_1)
FNDA:0,(anonymous_2)
FNDA:0,(anonymous_3)
DA:25,9
DA:41,0
DA:44,0
DA:45,0
DA:46,0
DA:71,0
DA:124,0
LF:7
LH:1
BRDA:66,0,0,0
BRDA:66,0,1,0
BRDA:74,1,0,0
BRDA:74,1,1,0
BRDA:82,2,0,0
BRDA:82,2,1,0
BRDA:94,3,0,0
BRDA:94,3,1,0
BRDA:115,4,0,0
BRDA:115,4,1,0
BRDA:122,5,0,0
BRDA:122,5,1,0
BRF:12
BRH:0
end_of_record
TN:
SF:src/screens/barcodeScan/barcode-styles.js
FNF:0
FNH:0
DA:9,9
DA:11,9
LF:2
LH:2
BRF:0
BRH:0
end_of_record
TN:
SF:src/screens/barcodeScan/index.js
FNF:0
FNH:0
LF:0
LH:0
BRF:0
BRH:0
end_of_record
TN:
SF:src/screens/cash/cash-screen.js
FN:13,(anonymous_0)
FN:31,(anonymous_1)
FN:49,(anonymous_2)
FN:50,(anonymous_3)
FNF:4
FNH:0
FNDA:0,(anonymous_0)
FNDA:0,(anonymous_1)
FNDA:0,(anonymous_2)
FNDA:0,(anonymous_3)
DA:13,9
DA:17,0
DA:18,0
DA:19,0
DA:29,0
DA:31,0
DA:49,0
DA:50,0
LF:8
LH:1
BRDA:54,0,0,0
BRDA:54,0,1,0
BRF:2
BRH:0
end_of_record
TN:
SF:src/screens/cash/cash-styles.js
FNF:0
FNH:0
DA:11,9
LF:1
LH:1
BRF:0
BRH:0
end_of_record
TN:
SF:src/screens/cash/index.js
FNF:0
FNH:0
LF:0
LH:0
BRF:0
BRH:0
end_of_record
TN:
SF:src/screens/dashboard/dashboard-screen.js
FN:17,(anonymous_0)
FN:38,(anonymous_1)
FN:52,(anonymous_2)
FN:54,(anonymous_3)
FNF:4
FNH:1
FNDA:2,(anonymous_0)
FNDA:0,(anonymous_1)
FNDA:0,(anonymous_2)
FNDA:0,(anonymous_3)
DA:17,9
DA:18,2
DA:19,1
DA:20,1
DA:28,1
DA:36,1
DA:38,0
DA:52,0
DA:55,0
LF:9
LH:6
BRDA:22,0,0,0
BRDA:22,0,1,1
BRDA:45,1,0,1
BRDA:45,1,1,0
BRF:4
BRH:2
end_of_record
TN:
SF:src/screens/dashboard/dashboard-styles.js
FNF:0
FNH:0
DA:14,9
DA:17,9
LF:2
LH:2
BRF:0
BRH:0
end_of_record
TN:
SF:src/screens/dashboard/index.js
FNF:0
FNH:0
LF:0
LH:0
BRF:0
BRH:0
end_of_record
TN:
SF:src/screens/dex/SDMModule.js
FNF:0
FNH:0
DA:10,9
LF:1
LH:1
BRF:0
BRH:0
end_of_record
TN:
SF:src/screens/dex/dex-screen.js
FN:15,(anonymous_0)
FNF:1
FNH:0
FNDA:0,(anonymous_0)
DA:15,9
DA:16,0
DA:17,0
DA:24,0
LF:4
LH:1
BRF:0
BRH:0
end_of_record
TN:
SF:src/screens/dex/dex-styles.js
FNF:0
FNH:0
DA:4,9
LF:1
LH:1
BRF:0
BRH:0
end_of_record
TN:
SF:src/screens/login/index.js
FNF:0
FNH:0
LF:0
LH:0
BRF:0
BRH:0
end_of_record
TN:
SF:src/screens/login/login-props.js
FN:2,(anonymous_0)
FNF:1
FNH:1
FNDA:1,(anonymous_0)
DA:2,9
DA:3,1
DA:4,1
DA:27,1
LF:4
LH:4
BRF:0
BRH:0
end_of_record
TN:
SF:src/screens/login/login-screen.js
FN:18,(anonymous_0)
FNF:1
FNH:1
FNDA:2,(anonymous_0)
DA:18,9
DA:21,2
DA:22,1
DA:23,1
DA:24,1
LF:5
LH:5
BRDA:26,0,0,0
BRDA:26,0,1,1
BRDA:56,1,0,1
BRDA:56,1,1,0
BRF:4
BRH:2
end_of_record
TN:
SF:src/screens/login/login-styles.js
FNF:0
FNH:0
DA:10,9
LF:1
LH:1
BRF:0
BRH:0
end_of_record
TN:
SF:src/screens/notes/index.js
FNF:0
FNH:0
LF:0
LH:0
BRF:0
BRH:0
end_of_record
TN:
SF:src/screens/notes/notes-screen.js
FN:14,(anonymous_0)
FNF:1
FNH:0
FNDA:0,(anonymous_0)
DA:14,9
DA:17,0
DA:18,0
DA:27,0
LF:4
LH:1
BRDA:38,0,0,0
BRDA:38,0,1,0
BRDA:44,1,0,0
BRDA:44,1,1,0
BRDA:44,1,2,0
BRDA:59,2,0,0
BRDA:59,2,1,0
BRF:7
BRH:0
end_of_record
TN:
SF:src/screens/notes/notes-styles.js
FNF:0
FNH:0
DA:6,9
DA:10,9
LF:2
LH:2
BRF:0
BRH:0
end_of_record
TN:
SF:src/screens/notes/readNote-screen.js
FN:7,(anonymous_0)
FN:11,(anonymous_1)
FNF:2
FNH:0
FNDA:0,(anonymous_0)
FNDA:0,(anonymous_1)
DA:7,9
DA:8,0
DA:12,0
LF:3
LH:1
BRF:0
BRH:0
end_of_record
TN:
SF:src/screens/notes/writeNotes-screen.js
FN:11,(anonymous_0)
FN:15,(anonymous_1)
FN:17,(anonymous_2)
FN:35,(anonymous_3)
FNF:4
FNH:0
FNDA:0,(anonymous_0)
FNDA:0,(anonymous_1)
FNDA:0,(anonymous_2)
FNDA:0,(anonymous_3)
DA:11,9
DA:12,0
DA:13,0
DA:14,0
DA:15,0
DA:16,0
DA:17,0
DA:18,0
DA:22,0
DA:23,0
DA:24,0
DA:25,0
DA:35,0
LF:13
LH:1
BRDA:12,0,0,0
BRDA:12,0,1,0
BRDA:27,1,0,0
BRDA:27,1,1,0
BRF:4
BRH:0
end_of_record
TN:
SF:src/screens/operator/index.js
FNF:0
FNH:0
LF:0
LH:0
BRF:0
BRH:0
end_of_record
TN:
SF:src/screens/operator/operator-screen.js
FN:17,(anonymous_0)
FN:39,(anonymous_1)
FNF:2
FNH:1
FNDA:2,(anonymous_0)
FNDA:0,(anonymous_1)
DA:17,9
DA:27,2
DA:29,1
DA:36,1
DA:39,0
LF:5
LH:4
BRDA:56,0,0,0
BRDA:56,0,1,1
BRDA:56,1,0,1
BRDA:56,1,1,0
BRDA:56,1,2,0
BRF:5
BRH:2
end_of_record
TN:
SF:src/screens/operator/operator-styles.js
FNF:0
FNH:0
DA:15,9
DA:17,9
LF:2
LH:2
BRF:0
BRH:0
end_of_record
TN:
SF:src/screens/photo/index.js
FNF:0
FNH:0
LF:0
LH:0
BRF:0
BRH:0
end_of_record
TN:
SF:src/screens/photo/photo-screen.js
FN:16,(anonymous_0)
FNF:1
FNH:0
FNDA:0,(anonymous_0)
DA:16,9
DA:29,0
DA:30,0
LF:3
LH:1
BRDA:34,0,0,0
BRDA:34,0,1,0
BRDA:47,1,0,0
BRDA:47,1,1,0
BRDA:55,2,0,0
BRDA:55,2,1,0
BRDA:88,3,0,0
BRDA:88,3,1,0
BRDA:89,4,0,0
BRDA:89,4,1,0
BRF:10
BRH:0
end_of_record
TN:
SF:src/screens/photo/photo-styles.js
FNF:0
FNH:0
DA:9,9
DA:11,9
LF:2
LH:2
BRF:0
BRH:0
end_of_record
TN:
SF:src/screens/pickList/index.js
FNF:0
FNH:0
LF:0
LH:0
BRF:0
BRH:0
end_of_record
TN:
SF:src/screens/pickList/pickList-styles.js
FNF:0
FNH:0
DA:9,9
DA:11,9
LF:2
LH:2
BRF:0
BRH:0
end_of_record
TN:
SF:src/screens/pickList/pickLists-screen.js
FN:9,(anonymous_0)
FN:30,(anonymous_1)
FNF:2
FNH:1
FNDA:2,(anonymous_0)
FNDA:0,(anonymous_1)
DA:9,9
DA:10,2
DA:12,1
DA:19,1
DA:28,1
DA:30,0
LF:6
LH:5
BRF:0
BRH:0
end_of_record
TN:
SF:src/screens/planogram/index.js
FNF:0
FNH:0
LF:0
LH:0
BRF:0
BRH:0
end_of_record
TN:
SF:src/screens/planogram/planogram-props.js
FN:3,(anonymous_0)
FNF:1
FNH:1
FNDA:1,(anonymous_0)
DA:3,9
DA:4,1
DA:50,1
LF:3
LH:3
BRF:0
BRH:0
end_of_record
TN:
SF:src/screens/planogram/planogram-screen.js
FN:22,(anonymous_0)
FN:65,(anonymous_1)
FN:77,(anonymous_2)
FN:83,(anonymous_3)
FN:88,(anonymous_4)
FN:107,(anonymous_5)
FN:128,(anonymous_6)
FN:171,(anonymous_7)
FN:172,(anonymous_8)
FN:179,(anonymous_9)
FN:210,(anonymous_10)
FN:211,(anonymous_11)
FN:225,(anonymous_12)
FN:249,(anonymous_13)
FN:250,(anonymous_14)
FNF:15
FNH:3
FNDA:1,(anonymous_0)
FNDA:4,(anonymous_1)
FNDA:0,(anonymous_2)
FNDA:0,(anonymous_3)
FNDA:0,(anonymous_4)
FNDA:0,(anonymous_5)
FNDA:4,(anonymous_6)
FNDA:0,(anonymous_7)
FNDA:0,(anonymous_8)
FNDA:0,(anonymous_9)
FNDA:0,(anonymous_10)
FNDA:0,(anonymous_11)
FNDA:0,(anonymous_12)
FNDA:0,(anonymous_13)
FNDA:0,(anonymous_14)
DA:22,9
DA:56,1
DA:57,1
DA:65,1
DA:66,4
DA:77,1
DA:78,0
DA:83,0
DA:84,0
DA:88,1
DA:89,0
DA:102,1
DA:108,0
DA:129,4
DA:171,0
DA:173,0
DA:174,0
DA:175,0
DA:176,0
DA:177,0
DA:180,0
DA:210,0
DA:211,0
DA:226,0
DA:249,0
DA:250,0
LF:26
LH:9
BRDA:66,0,0,0
BRDA:66,0,1,4
BRDA:132,1,0,1
BRDA:132,1,1,3
BRDA:141,2,0,4
BRDA:141,2,1,1
BRDA:141,2,2,1
BRDA:141,2,3,0
BRDA:141,2,4,0
BRDA:141,2,5,0
BRDA:141,2,6,1
BRDA:141,2,7,0
BRDA:155,3,0,1
BRDA:155,3,1,3
BRDA:224,4,0,1
BRDA:224,4,1,0
BRDA:246,5,0,1
BRDA:246,5,1,0
BRDA:246,5,2,0
BRDA:256,6,0,1
BRDA:256,6,1,0
BRF:21
BRH:12
end_of_record
TN:
SF:src/screens/planogram/planogram-styles.js
FNF:0
FNH:0
DA:9,9
DA:11,9
LF:2
LH:2
BRDA:80,0,0,0
BRDA:80,0,1,9
BRF:2
BRH:1
end_of_record
TN:
SF:src/screens/route/index.js
FNF:0
FNH:0
LF:0
LH:0
BRF:0
BRH:0
end_of_record
TN:
SF:src/screens/route/route-screen.js
FN:16,(anonymous_0)
FN:40,(anonymous_1)
FNF:2
FNH:1
FNDA:2,(anonymous_0)
FNDA:0,(anonymous_1)
DA:16,9
DA:27,2
DA:29,1
DA:37,1
DA:40,0
LF:5
LH:4
BRDA:32,0,0,1
BRDA:32,0,1,0
BRDA:57,1,0,0
BRDA:57,1,1,1
BRDA:57,2,0,1
BRDA:57,2,1,0
BRDA:57,2,2,0
BRF:7
BRH:3
end_of_record
TN:
SF:src/screens/route/route-styles.js
FNF:0
FNH:0
DA:14,9
DA:16,9
LF:2
LH:2
BRF:0
BRH:0
end_of_record
TN:
SF:src/screens/schedule/selectMachine/index.js
FNF:0
FNH:0
LF:0
LH:0
BRF:0
BRH:0
end_of_record
TN:
SF:src/screens/schedule/selectMachine/selectMachine-screen.js
FN:16,(anonymous_0)
FN:55,(anonymous_1)
FN:87,(anonymous_2)
FN:90,(anonymous_3)
FNF:4
FNH:1
FNDA:2,(anonymous_0)
FNDA:0,(anonymous_1)
FNDA:0,(anonymous_2)
FNDA:0,(anonymous_3)
DA:16,9
DA:32,2
DA:33,1
DA:46,1
DA:53,1
DA:55,0
DA:87,0
DA:91,0
LF:8
LH:5
BRDA:35,0,0,0
BRDA:35,0,1,1
BRDA:35,1,0,1
BRDA:35,1,1,0
BRDA:36,2,0,0
BRDA:36,2,1,1
BRDA:60,3,0,1
BRDA:60,3,1,0
BRDA:60,3,2,1
BRDA:60,3,3,0
BRDA:60,3,4,0
BRDA:65,4,0,0
BRDA:65,4,1,0
BRDA:71,5,0,1
BRDA:71,5,1,0
BRF:15
BRH:6
end_of_record
TN:
SF:src/screens/schedule/selectMachine/selectMachine-styles.js
FNF:0
FNH:0
DA:14,9
LF:1
LH:1
BRF:0
BRH:0
end_of_record
TN:
SF:src/screens/schedule/selectSchedule/index.js
FNF:0
FNH:0
LF:0
LH:0
BRF:0
BRH:0
end_of_record
TN:
SF:src/screens/schedule/selectSchedule/selectSchedule-screen.js
FN:11,(anonymous_0)
FN:30,(anonymous_1)
FNF:2
FNH:1
FNDA:2,(anonymous_0)
FNDA:0,(anonymous_1)
DA:11,9
DA:14,2
DA:16,2
DA:24,2
DA:28,2
DA:30,0
LF:6
LH:5
BRDA:19,0,0,2
BRDA:19,0,1,0
BRF:2
BRH:1
end_of_record
TN:
SF:src/screens/schedule/selectSchedule/selectSchedules-styles.js
FNF:0
FNH:0
DA:11,9
LF:1
LH:1
BRF:0
BRH:0
end_of_record
TN:
SF:src/screens/signature/index.js
FNF:0
FNH:0
LF:0
LH:0
BRF:0
BRH:0
end_of_record
TN:
SF:src/screens/signature/signature-screen.js
FN:16,(anonymous_0)
FNF:1
FNH:0
FNDA:0,(anonymous_0)
DA:16,9
DA:18,0
DA:19,0
DA:20,0
DA:30,0
DA:51,9
LF:6
LH:2
BRF:0
BRH:0
end_of_record
TN:
SF:src/screens/signature/signature-styles.js
FNF:0
FNH:0
DA:5,9
DA:8,9
LF:2
LH:2
BRF:0
BRH:0
end_of_record
TN:
SF:src/screens/splash/index.js
FNF:0
FNH:0
LF:0
LH:0
BRF:0
BRH:0
end_of_record
TN:
SF:src/screens/splash/splash-screen.js
FN:9,(anonymous_0)
FNF:1
FNH:1
FNDA:1,(anonymous_0)
DA:9,9
DA:10,1
LF:2
LH:2
BRDA:12,0,0,0
BRDA:12,0,1,1
BRF:2
BRH:1
end_of_record
TN:
SF:src/screens/splash/splash-styles.js
FNF:0
FNH:0
DA:9,9
LF:1
LH:1
BRF:0
BRH:0
end_of_record
TN:
SF:src/services/apiService.js
FN:15,(anonymous_0)
FN:26,(anonymous_1)
FN:30,(anonymous_2)
FNF:3
FNH:0
FNDA:0,(anonymous_0)
FNDA:0,(anonymous_1)
FNDA:0,(anonymous_2)
DA:7,10
DA:11,10
DA:12,10
DA:13,10
DA:15,10
DA:16,0
DA:17,0
DA:18,0
DA:19,0
DA:20,0
DA:21,0
DA:22,0
DA:25,10
DA:27,0
DA:28,0
DA:31,0
DA:32,0
LF:17
LH:6
BRF:0
BRH:0
end_of_record
TN:
SF:src/services/apiServiceLogin.js
FN:13,(anonymous_0)
FN:21,(anonymous_1)
FN:25,(anonymous_2)
FNF:3
FNH:0
FNDA:0,(anonymous_0)
FNDA:0,(anonymous_1)
FNDA:0,(anonymous_2)
DA:6,10
DA:10,10
DA:11,10
DA:13,10
DA:14,0
DA:15,0
DA:16,0
DA:17,0
DA:20,10
DA:22,0
DA:23,0
DA:26,0
DA:27,0
LF:13
LH:5
BRF:0
BRH:0
end_of_record
TN:
SF:src/services/errorHandler.js
FN:8,(anonymous_0)
FN:12,(anonymous_1)
FN:16,(anonymous_2)
FN:20,(anonymous_3)
FN:24,(anonymous_4)
FN:28,(anonymous_5)
FN:33,(anonymous_6)
FN:37,(anonymous_7)
FNF:8
FNH:8
FNDA:1,(anonymous_0)
FNDA:2,(anonymous_1)
FNDA:2,(anonymous_2)
FNDA:1,(anonymous_3)
FNDA:1,(anonymous_4)
FNDA:1,(anonymous_5)
FNDA:1,(anonymous_6)
FNDA:11,(anonymous_7)
DA:8,10
DA:9,1
DA:12,10
DA:13,2
DA:14,2
DA:16,10
DA:17,2
DA:18,2
DA:20,10
DA:21,1
DA:22,1
DA:24,10
DA:25,1
DA:26,1
DA:28,10
DA:29,1
DA:30,0
DA:33,10
DA:34,1
DA:35,0
DA:37,10
DA:38,11
DA:39,10
DA:40,1
DA:41,9
DA:42,2
DA:43,7
DA:44,1
DA:45,6
DA:46,1
DA:47,5
DA:48,1
DA:49,4
DA:50,1
DA:52,3
DA:53,1
DA:59,1
DA:60,1
DA:61,1
LF:39
LH:37
BRDA:38,0,0,10
BRDA:38,0,1,1
BRDA:39,1,0,1
BRDA:39,1,1,9
BRDA:41,2,0,2
BRDA:41,2,1,7
BRDA:43,3,0,1
BRDA:43,3,1,6
BRDA:45,4,0,1
BRDA:45,4,1,5
BRDA:47,5,0,1
BRDA:47,5,1,4
BRDA:49,6,0,1
BRDA:49,6,1,3
BRDA:52,7,0,1
BRDA:52,7,1,2
BRDA:59,8,0,1
BRDA:59,8,1,0
BRF:18
BRH:17
end_of_record
TN:
SF:src/services/statusCodes.js
FNF:0
FNH:0
DA:1,10
LF:1
LH:1
BRF:0
BRH:0
end_of_record
TN:
SF:src/services/apiAction/index.js
FN:7,(anonymous_0)
FN:10,(anonymous_1)
FN:15,(anonymous_2)
FN:18,(anonymous_3)
FN:25,(anonymous_4)
FN:28,(anonymous_5)
FNF:6
FNH:3
FNDA:1,(anonymous_0)
FNDA:0,(anonymous_1)
FNDA:1,(anonymous_2)
FNDA:0,(anonymous_3)
FNDA:1,(anonymous_4)
FNDA:0,(anonymous_5)
DA:5,10
DA:8,1
DA:9,1
DA:10,1
DA:11,0
DA:16,1
DA:17,1
DA:18,1
DA:19,0
DA:26,1
DA:27,1
DA:28,1
DA:29,0
LF:13
LH:10
BRF:0
BRH:0
end_of_record
TN:
SF:src/styles/commonStyles.js
FNF:0
FNH:0
DA:9,9
LF:1
LH:1
BRF:0
BRH:0
end_of_record
TN:
SF:src/styles/screenStyles.js
FNF:0
FNH:0
DA:13,9
DA:15,9
LF:2
LH:2
BRF:0
BRH:0
end_of_record
TN:
SF:src/utils/index.js
FN:12,(anonymous_0)
FN:15,(anonymous_1)
FN:19,(anonymous_2)
FN:22,(anonymous_3)
FN:31,(anonymous_4)
FN:33,(anonymous_5)
FN:37,(anonymous_6)
FN:40,(anonymous_7)
FN:48,(anonymous_8)
FN:49,(anonymous_9)
FN:50,(anonymous_10)
FN:55,(anonymous_11)
FN:56,(anonymous_12)
FN:66,(anonymous_13)
FN:67,(anonymous_14)
FN:77,(anonymous_15)
FN:82,(anonymous_16)
FN:84,(anonymous_17)
FN:86,(anonymous_18)
FN:91,(anonymous_19)
FN:99,(anonymous_20)
FN:101,(anonymous_21)
FN:101,(anonymous_22)
FN:103,(anonymous_23)
FN:103,(anonymous_24)
FN:107,(anonymous_25)
FN:108,(anonymous_26)
FN:114,(anonymous_27)
FN:115,(anonymous_28)
FN:131,(anonymous_29)
FN:132,(anonymous_30)
FN:133,(anonymous_31)
FN:142,(anonymous_32)
FN:147,(anonymous_33)
FN:153,(anonymous_34)
FNF:35
FNH:24
FNDA:2,(anonymous_0)
FNDA:0,(anonymous_1)
FNDA:0,(anonymous_2)
FNDA:0,(anonymous_3)
FNDA:0,(anonymous_4)
FNDA:0,(anonymous_5)
FNDA:0,(anonymous_6)
FNDA:0,(anonymous_7)
FNDA:2,(anonymous_8)
FNDA:8,(anonymous_9)
FNDA:6,(anonymous_10)
FNDA:1,(anonymous_11)
FNDA:6,(anonymous_12)
FNDA:2,(anonymous_13)
FNDA:0,(anonymous_14)
FNDA:0,(anonymous_15)
FNDA:1,(anonymous_16)
FNDA:4,(anonymous_17)
FNDA:0,(anonymous_18)
FNDA:0,(anonymous_19)
FNDA:1,(anonymous_20)
FNDA:1,(anonymous_21)
FNDA:2,(anonymous_22)
FNDA:1,(anonymous_23)
FNDA:1,(anonymous_24)
FNDA:1,(anonymous_25)
FNDA:2,(anonymous_26)
FNDA:1,(anonymous_27)
FNDA:2,(anonymous_28)
FNDA:1,(anonymous_29)
FNDA:4,(anonymous_30)
FNDA:4,(anonymous_31)
FNDA:4,(anonymous_32)
FNDA:1,(anonymous_33)
FNDA:1,(anonymous_34)
DA:12,13
DA:14,2
DA:15,2
DA:16,0
DA:17,0
DA:19,2
DA:20,0
DA:22,2
DA:23,0
DA:24,0
DA:26,2
DA:31,13
DA:32,0
DA:33,0
DA:34,0
DA:35,0
DA:37,0
DA:38,0
DA:40,0
DA:41,0
DA:42,0
DA:44,0
DA:48,13
DA:49,8
DA:50,6
DA:51,2
DA:55,13
DA:56,1
DA:57,6
DA:58,6
DA:59,6
DA:61,1
DA:66,13
DA:67,2
DA:68,0
DA:69,0
DA:73,0
DA:74,0
DA:77,2
DA:82,13
DA:83,1
DA:84,1
DA:85,4
DA:87,0
DA:88,0
DA:89,0
DA:94,1
DA:99,13
DA:101,2
DA:103,1
DA:106,1
DA:107,1
DA:108,2
DA:109,1
DA:113,1
DA:114,1
DA:115,2
DA:116,1
DA:119,1
DA:127,1
DA:131,13
DA:132,4
DA:133,4
DA:134,1
DA:138,1
DA:142,13
DA:143,4
DA:147,13
DA:148,1
DA:149,1
DA:153,13
DA:154,1
LF:72
LH:50
BRDA:59,0,0,4
BRDA:59,0,1,2
BRDA:59,1,0,1
BRDA:59,1,1,1
BRDA:68,2,0,0
BRDA:68,2,1,0
BRDA:124,3,0,0
BRDA:124,3,1,1
BRDA:125,4,0,0
BRDA:125,4,1,1
BRF:10
BRH:6
end_of_record
TN:
SF:src/utils/i18next/i18next.js
FNF:0
FNH:0
DA:5,9
LF:1
LH:1
BRF:0
BRH:0
end_of_record
